HV000001: Hibernate Validator 6.2.0.Final
Starting SellApplication using Java 17 on DESKTOP-B6BC0A3 with PID 14948 (D:\Data\ICES\sell\target\classes started by Walker in D:\Data\ICES\sell)
No active profile set, falling back to default profiles: default
Bootstrapping Spring Data JPA repositories in DEFAULT mode.
Finished Spring Data repository scanning in 48 ms. Found 4 JPA repository interfaces.
Tomcat initialized with port(s): 8080 (http)
Loaded Apache Tomcat Native library [1.2.31] using APR version [1.7.0].
APR capabilities: IPv6 [true], sendfile [true], accept filters [false], random [true], UDS [true].
APR/OpenSSL configuration: useAprConnector [false], useOpenSSL [true]
OpenSSL successfully initialized [OpenSSL 1.1.1l  24 Aug 2021]
Initializing ProtocolHandler ["http-nio-8080"]
Starting service [Tomcat]
Starting Servlet engine: [Apache Tomcat/9.0.56]
Initializing Spring embedded WebApplicationContext
Root WebApplicationContext: initialization completed in 1123 ms
HikariPool-1 - Starting...
HikariPool-1 - Start completed.
HHH000204: Processing PersistenceUnitInfo [name: default]
HHH000412: Hibernate ORM core version 5.6.4.Final
HCANN000001: Hibernate Commons Annotations {5.1.2.Final}
HHH000400: Using dialect: org.hibernate.dialect.MySQL57Dialect
HHH000490: Using JtaPlatform implementation: [org.hibernate.engine.transaction.jta.platform.internal.NoJtaPlatform]
Initialized JPA EntityManagerFactory for persistence unit 'default'
spring.jpa.open-in-view is enabled by default. Therefore, database queries may be performed during view rendering. Explicitly configure spring.jpa.open-in-view to disable this warning
Starting ProtocolHandler ["http-nio-8080"]
Tomcat started on port(s): 8080 (http) with context path '/sell'
Started SellApplication in 3.308 seconds (JVM running for 3.895)
Initializing Spring DispatcherServlet 'dispatcherServlet'
Initializing Servlet 'dispatcherServlet'
Completed initialization in 1 ms
Closing JPA EntityManagerFactory for persistence unit 'default'
HikariPool-1 - Shutdown initiated...
HikariPool-1 - Shutdown completed.
Starting SellApplication using Java 17 on DESKTOP-B6BC0A3 with PID 16252 (D:\Data\ICES\sell\target\classes started by Walker in D:\Data\ICES\sell)
HV000001: Hibernate Validator 6.2.0.Final
No active profile set, falling back to default profiles: default
Bootstrapping Spring Data JPA repositories in DEFAULT mode.
Finished Spring Data repository scanning in 40 ms. Found 4 JPA repository interfaces.
Tomcat initialized with port(s): 8080 (http)
Loaded Apache Tomcat Native library [1.2.31] using APR version [1.7.0].
APR capabilities: IPv6 [true], sendfile [true], accept filters [false], random [true], UDS [true].
APR/OpenSSL configuration: useAprConnector [false], useOpenSSL [true]
OpenSSL successfully initialized [OpenSSL 1.1.1l  24 Aug 2021]
Initializing ProtocolHandler ["http-nio-8080"]
Starting service [Tomcat]
Starting Servlet engine: [Apache Tomcat/9.0.56]
Initializing Spring embedded WebApplicationContext
Root WebApplicationContext: initialization completed in 950 ms
HikariPool-1 - Starting...
HikariPool-1 - Start completed.
HHH000204: Processing PersistenceUnitInfo [name: default]
HHH000412: Hibernate ORM core version 5.6.4.Final
HCANN000001: Hibernate Commons Annotations {5.1.2.Final}
HHH000400: Using dialect: org.hibernate.dialect.MySQL57Dialect
HHH000490: Using JtaPlatform implementation: [org.hibernate.engine.transaction.jta.platform.internal.NoJtaPlatform]
Initialized JPA EntityManagerFactory for persistence unit 'default'
spring.jpa.open-in-view is enabled by default. Therefore, database queries may be performed during view rendering. Explicitly configure spring.jpa.open-in-view to disable this warning
Starting ProtocolHandler ["http-nio-8080"]
Tomcat started on port(s): 8080 (http) with context path '/sell'
Started SellApplication in 2.689 seconds (JVM running for 3.165)
Initializing Spring DispatcherServlet 'dispatcherServlet'
Initializing Servlet 'dispatcherServlet'
Completed initialization in 0 ms
Closing JPA EntityManagerFactory for persistence unit 'default'
HikariPool-1 - Shutdown initiated...
HikariPool-1 - Shutdown completed.
Starting SellApplication using Java 17 on DESKTOP-B6BC0A3 with PID 15416 (D:\Data\ICES\sell\target\classes started by Walker in D:\Data\ICES\sell)
HV000001: Hibernate Validator 6.2.0.Final
No active profile set, falling back to default profiles: default
Bootstrapping Spring Data JPA repositories in DEFAULT mode.
Finished Spring Data repository scanning in 41 ms. Found 4 JPA repository interfaces.
Tomcat initialized with port(s): 8080 (http)
Loaded Apache Tomcat Native library [1.2.31] using APR version [1.7.0].
APR capabilities: IPv6 [true], sendfile [true], accept filters [false], random [true], UDS [true].
APR/OpenSSL configuration: useAprConnector [false], useOpenSSL [true]
OpenSSL successfully initialized [OpenSSL 1.1.1l  24 Aug 2021]
Initializing ProtocolHandler ["http-nio-8080"]
Starting service [Tomcat]
Starting Servlet engine: [Apache Tomcat/9.0.56]
Initializing Spring embedded WebApplicationContext
Root WebApplicationContext: initialization completed in 898 ms
HikariPool-1 - Starting...
HikariPool-1 - Start completed.
HHH000204: Processing PersistenceUnitInfo [name: default]
HHH000412: Hibernate ORM core version 5.6.4.Final
HCANN000001: Hibernate Commons Annotations {5.1.2.Final}
HHH000400: Using dialect: org.hibernate.dialect.MySQL57Dialect
HHH000490: Using JtaPlatform implementation: [org.hibernate.engine.transaction.jta.platform.internal.NoJtaPlatform]
Initialized JPA EntityManagerFactory for persistence unit 'default'
spring.jpa.open-in-view is enabled by default. Therefore, database queries may be performed during view rendering. Explicitly configure spring.jpa.open-in-view to disable this warning
Starting ProtocolHandler ["http-nio-8080"]
Tomcat started on port(s): 8080 (http) with context path '/sell'
Started SellApplication in 2.641 seconds (JVM running for 3.094)
Initializing Spring DispatcherServlet 'dispatcherServlet'
Initializing Servlet 'dispatcherServlet'
Completed initialization in 1 ms
Closing JPA EntityManagerFactory for persistence unit 'default'
HikariPool-1 - Shutdown initiated...
HikariPool-1 - Shutdown completed.
Starting SellApplication using Java 17 on DESKTOP-B6BC0A3 with PID 16236 (D:\Data\ICES\sell\target\classes started by Walker in D:\Data\ICES\sell)
HV000001: Hibernate Validator 6.2.0.Final
No active profile set, falling back to default profiles: default
Bootstrapping Spring Data JPA repositories in DEFAULT mode.
Finished Spring Data repository scanning in 39 ms. Found 4 JPA repository interfaces.
Tomcat initialized with port(s): 8080 (http)
Loaded Apache Tomcat Native library [1.2.31] using APR version [1.7.0].
APR capabilities: IPv6 [true], sendfile [true], accept filters [false], random [true], UDS [true].
APR/OpenSSL configuration: useAprConnector [false], useOpenSSL [true]
OpenSSL successfully initialized [OpenSSL 1.1.1l  24 Aug 2021]
Initializing ProtocolHandler ["http-nio-8080"]
Starting service [Tomcat]
Starting Servlet engine: [Apache Tomcat/9.0.56]
Initializing Spring embedded WebApplicationContext
Root WebApplicationContext: initialization completed in 912 ms
HikariPool-1 - Starting...
HikariPool-1 - Start completed.
HHH000204: Processing PersistenceUnitInfo [name: default]
HHH000412: Hibernate ORM core version 5.6.4.Final
HCANN000001: Hibernate Commons Annotations {5.1.2.Final}
HHH000400: Using dialect: org.hibernate.dialect.MySQL57Dialect
HHH000490: Using JtaPlatform implementation: [org.hibernate.engine.transaction.jta.platform.internal.NoJtaPlatform]
Initialized JPA EntityManagerFactory for persistence unit 'default'
spring.jpa.open-in-view is enabled by default. Therefore, database queries may be performed during view rendering. Explicitly configure spring.jpa.open-in-view to disable this warning
Starting ProtocolHandler ["http-nio-8080"]
Tomcat started on port(s): 8080 (http) with context path '/sell'
Started SellApplication in 2.687 seconds (JVM running for 3.2)
Initializing Spring DispatcherServlet 'dispatcherServlet'
Initializing Servlet 'dispatcherServlet'
Completed initialization in 1 ms
HV000001: Hibernate Validator 6.2.0.Final
Starting SellApplication using Java 17 on DESKTOP-B6BC0A3 with PID 14044 (D:\Data\ICES\sell\target\classes started by Walker in D:\Data\ICES\sell)
No active profile set, falling back to default profiles: default
Bootstrapping Spring Data JPA repositories in DEFAULT mode.
Finished Spring Data repository scanning in 46 ms. Found 4 JPA repository interfaces.
Tomcat initialized with port(s): 8080 (http)
Loaded Apache Tomcat Native library [1.2.31] using APR version [1.7.0].
APR capabilities: IPv6 [true], sendfile [true], accept filters [false], random [true], UDS [true].
APR/OpenSSL configuration: useAprConnector [false], useOpenSSL [true]
OpenSSL successfully initialized [OpenSSL 1.1.1l  24 Aug 2021]
Initializing ProtocolHandler ["http-nio-8080"]
Starting service [Tomcat]
Starting Servlet engine: [Apache Tomcat/9.0.56]
Initializing Spring embedded WebApplicationContext
Root WebApplicationContext: initialization completed in 1082 ms
HikariPool-1 - Starting...
HikariPool-1 - Start completed.
HHH000204: Processing PersistenceUnitInfo [name: default]
HHH000412: Hibernate ORM core version 5.6.4.Final
HCANN000001: Hibernate Commons Annotations {5.1.2.Final}
HHH000400: Using dialect: org.hibernate.dialect.MySQL57Dialect
HHH000490: Using JtaPlatform implementation: [org.hibernate.engine.transaction.jta.platform.internal.NoJtaPlatform]
Initialized JPA EntityManagerFactory for persistence unit 'default'
spring.jpa.open-in-view is enabled by default. Therefore, database queries may be performed during view rendering. Explicitly configure spring.jpa.open-in-view to disable this warning
Starting ProtocolHandler ["http-nio-8080"]
Tomcat started on port(s): 8080 (http) with context path '/sell'
Started SellApplication in 3.178 seconds (JVM running for 3.764)
Initializing Spring DispatcherServlet 'dispatcherServlet'
Initializing Servlet 'dispatcherServlet'
Completed initialization in 1 ms
Closing JPA EntityManagerFactory for persistence unit 'default'
HikariPool-1 - Shutdown initiated...
HikariPool-1 - Shutdown completed.
HV000001: Hibernate Validator 6.2.0.Final
Starting SellApplication using Java 17 on DESKTOP-B6BC0A3 with PID 7680 (D:\Data\ICES\sell\target\classes started by Walker in D:\Data\ICES\sell)
No active profile set, falling back to default profiles: default
Bootstrapping Spring Data JPA repositories in DEFAULT mode.
Finished Spring Data repository scanning in 39 ms. Found 4 JPA repository interfaces.
Tomcat initialized with port(s): 8080 (http)
Loaded Apache Tomcat Native library [1.2.31] using APR version [1.7.0].
APR capabilities: IPv6 [true], sendfile [true], accept filters [false], random [true], UDS [true].
APR/OpenSSL configuration: useAprConnector [false], useOpenSSL [true]
OpenSSL successfully initialized [OpenSSL 1.1.1l  24 Aug 2021]
Initializing ProtocolHandler ["http-nio-8080"]
Starting service [Tomcat]
Starting Servlet engine: [Apache Tomcat/9.0.56]
Initializing Spring embedded WebApplicationContext
Root WebApplicationContext: initialization completed in 916 ms
HikariPool-1 - Starting...
HikariPool-1 - Start completed.
HHH000204: Processing PersistenceUnitInfo [name: default]
HHH000412: Hibernate ORM core version 5.6.4.Final
HCANN000001: Hibernate Commons Annotations {5.1.2.Final}
HHH000400: Using dialect: org.hibernate.dialect.MySQL57Dialect
HHH000490: Using JtaPlatform implementation: [org.hibernate.engine.transaction.jta.platform.internal.NoJtaPlatform]
Initialized JPA EntityManagerFactory for persistence unit 'default'
spring.jpa.open-in-view is enabled by default. Therefore, database queries may be performed during view rendering. Explicitly configure spring.jpa.open-in-view to disable this warning
Starting ProtocolHandler ["http-nio-8080"]
Tomcat started on port(s): 8080 (http) with context path '/sell'
Started SellApplication in 2.629 seconds (JVM running for 3.163)
Initializing Spring DispatcherServlet 'dispatcherServlet'
Initializing Servlet 'dispatcherServlet'
Completed initialization in 0 ms
Closing JPA EntityManagerFactory for persistence unit 'default'
HikariPool-1 - Shutdown initiated...
HikariPool-1 - Shutdown completed.
HV000001: Hibernate Validator 6.2.0.Final
Starting SellApplication using Java 17 on DESKTOP-B6BC0A3 with PID 16776 (D:\Data\ICES\sell\target\classes started by Walker in D:\Data\ICES\sell)
No active profile set, falling back to default profiles: default
Bootstrapping Spring Data JPA repositories in DEFAULT mode.
Finished Spring Data repository scanning in 47 ms. Found 4 JPA repository interfaces.
Tomcat initialized with port(s): 8080 (http)
Loaded Apache Tomcat Native library [1.2.31] using APR version [1.7.0].
APR capabilities: IPv6 [true], sendfile [true], accept filters [false], random [true], UDS [true].
APR/OpenSSL configuration: useAprConnector [false], useOpenSSL [true]
OpenSSL successfully initialized [OpenSSL 1.1.1l  24 Aug 2021]
Initializing ProtocolHandler ["http-nio-8080"]
Starting service [Tomcat]
Starting Servlet engine: [Apache Tomcat/9.0.56]
Initializing Spring embedded WebApplicationContext
Root WebApplicationContext: initialization completed in 891 ms
HikariPool-1 - Starting...
HikariPool-1 - Start completed.
HHH000204: Processing PersistenceUnitInfo [name: default]
HHH000412: Hibernate ORM core version 5.6.4.Final
HCANN000001: Hibernate Commons Annotations {5.1.2.Final}
HHH000400: Using dialect: org.hibernate.dialect.MySQL57Dialect
HHH000490: Using JtaPlatform implementation: [org.hibernate.engine.transaction.jta.platform.internal.NoJtaPlatform]
Initialized JPA EntityManagerFactory for persistence unit 'default'
spring.jpa.open-in-view is enabled by default. Therefore, database queries may be performed during view rendering. Explicitly configure spring.jpa.open-in-view to disable this warning
Starting ProtocolHandler ["http-nio-8080"]
Tomcat started on port(s): 8080 (http) with context path '/sell'
Started SellApplication in 2.657 seconds (JVM running for 3.12)
Initializing Spring DispatcherServlet 'dispatcherServlet'
Initializing Servlet 'dispatcherServlet'
Completed initialization in 0 ms
Closing JPA EntityManagerFactory for persistence unit 'default'
HikariPool-1 - Shutdown initiated...
HikariPool-1 - Shutdown completed.
HV000001: Hibernate Validator 6.2.0.Final
Starting SellApplication using Java 17 on DESKTOP-B6BC0A3 with PID 11452 (D:\Data\ICES\sell\target\classes started by Walker in D:\Data\ICES\sell)
No active profile set, falling back to default profiles: default
Bootstrapping Spring Data JPA repositories in DEFAULT mode.
Finished Spring Data repository scanning in 41 ms. Found 4 JPA repository interfaces.
Tomcat initialized with port(s): 8080 (http)
Loaded Apache Tomcat Native library [1.2.31] using APR version [1.7.0].
APR capabilities: IPv6 [true], sendfile [true], accept filters [false], random [true], UDS [true].
APR/OpenSSL configuration: useAprConnector [false], useOpenSSL [true]
OpenSSL successfully initialized [OpenSSL 1.1.1l  24 Aug 2021]
Initializing ProtocolHandler ["http-nio-8080"]
Starting service [Tomcat]
Starting Servlet engine: [Apache Tomcat/9.0.56]
Initializing Spring embedded WebApplicationContext
Root WebApplicationContext: initialization completed in 880 ms
HikariPool-1 - Starting...
HikariPool-1 - Start completed.
HHH000204: Processing PersistenceUnitInfo [name: default]
HHH000412: Hibernate ORM core version 5.6.4.Final
HCANN000001: Hibernate Commons Annotations {5.1.2.Final}
HHH000400: Using dialect: org.hibernate.dialect.MySQL57Dialect
HHH000490: Using JtaPlatform implementation: [org.hibernate.engine.transaction.jta.platform.internal.NoJtaPlatform]
Initialized JPA EntityManagerFactory for persistence unit 'default'
spring.jpa.open-in-view is enabled by default. Therefore, database queries may be performed during view rendering. Explicitly configure spring.jpa.open-in-view to disable this warning
Starting ProtocolHandler ["http-nio-8080"]
Tomcat started on port(s): 8080 (http) with context path '/sell'
Started SellApplication in 2.6 seconds (JVM running for 3.119)
Initializing Spring DispatcherServlet 'dispatcherServlet'
Initializing Servlet 'dispatcherServlet'
Completed initialization in 1 ms
Closing JPA EntityManagerFactory for persistence unit 'default'
HikariPool-1 - Shutdown initiated...
HikariPool-1 - Shutdown completed.
HV000001: Hibernate Validator 6.2.0.Final
Starting SellApplication using Java 17 on DESKTOP-B6BC0A3 with PID 15536 (D:\Data\ICES\sell\target\classes started by Walker in D:\Data\ICES\sell)
No active profile set, falling back to default profiles: default
Bootstrapping Spring Data JPA repositories in DEFAULT mode.
Finished Spring Data repository scanning in 42 ms. Found 4 JPA repository interfaces.
Tomcat initialized with port(s): 8080 (http)
Loaded Apache Tomcat Native library [1.2.31] using APR version [1.7.0].
APR capabilities: IPv6 [true], sendfile [true], accept filters [false], random [true], UDS [true].
APR/OpenSSL configuration: useAprConnector [false], useOpenSSL [true]
OpenSSL successfully initialized [OpenSSL 1.1.1l  24 Aug 2021]
Initializing ProtocolHandler ["http-nio-8080"]
Starting service [Tomcat]
Starting Servlet engine: [Apache Tomcat/9.0.56]
Initializing Spring embedded WebApplicationContext
Root WebApplicationContext: initialization completed in 898 ms
HikariPool-1 - Starting...
HikariPool-1 - Start completed.
HHH000204: Processing PersistenceUnitInfo [name: default]
HHH000412: Hibernate ORM core version 5.6.4.Final
HCANN000001: Hibernate Commons Annotations {5.1.2.Final}
HHH000400: Using dialect: org.hibernate.dialect.MySQL57Dialect
HHH000490: Using JtaPlatform implementation: [org.hibernate.engine.transaction.jta.platform.internal.NoJtaPlatform]
Initialized JPA EntityManagerFactory for persistence unit 'default'
spring.jpa.open-in-view is enabled by default. Therefore, database queries may be performed during view rendering. Explicitly configure spring.jpa.open-in-view to disable this warning
Starting ProtocolHandler ["http-nio-8080"]
Tomcat started on port(s): 8080 (http) with context path '/sell'
Started SellApplication in 2.626 seconds (JVM running for 3.078)
Initializing Spring DispatcherServlet 'dispatcherServlet'
Initializing Servlet 'dispatcherServlet'
Completed initialization in 0 ms
Closing JPA EntityManagerFactory for persistence unit 'default'
HikariPool-1 - Shutdown initiated...
HikariPool-1 - Shutdown completed.
HV000001: Hibernate Validator 6.2.0.Final
Starting SellApplication using Java 17 on DESKTOP-B6BC0A3 with PID 6220 (D:\Data\ICES\sell\target\classes started by Walker in D:\Data\ICES\sell)
No active profile set, falling back to default profiles: default
Bootstrapping Spring Data JPA repositories in DEFAULT mode.
Finished Spring Data repository scanning in 41 ms. Found 4 JPA repository interfaces.
Tomcat initialized with port(s): 8080 (http)
Loaded Apache Tomcat Native library [1.2.31] using APR version [1.7.0].
APR capabilities: IPv6 [true], sendfile [true], accept filters [false], random [true], UDS [true].
APR/OpenSSL configuration: useAprConnector [false], useOpenSSL [true]
OpenSSL successfully initialized [OpenSSL 1.1.1l  24 Aug 2021]
Initializing ProtocolHandler ["http-nio-8080"]
Starting service [Tomcat]
Starting Servlet engine: [Apache Tomcat/9.0.56]
Initializing Spring embedded WebApplicationContext
Root WebApplicationContext: initialization completed in 924 ms
HikariPool-1 - Starting...
HikariPool-1 - Start completed.
HHH000204: Processing PersistenceUnitInfo [name: default]
HHH000412: Hibernate ORM core version 5.6.4.Final
HCANN000001: Hibernate Commons Annotations {5.1.2.Final}
HHH000400: Using dialect: org.hibernate.dialect.MySQL57Dialect
HHH000490: Using JtaPlatform implementation: [org.hibernate.engine.transaction.jta.platform.internal.NoJtaPlatform]
Initialized JPA EntityManagerFactory for persistence unit 'default'
spring.jpa.open-in-view is enabled by default. Therefore, database queries may be performed during view rendering. Explicitly configure spring.jpa.open-in-view to disable this warning
Starting ProtocolHandler ["http-nio-8080"]
Tomcat started on port(s): 8080 (http) with context path '/sell'
Started SellApplication in 2.65 seconds (JVM running for 3.12)
Initializing Spring DispatcherServlet 'dispatcherServlet'
Initializing Servlet 'dispatcherServlet'
Completed initialization in 0 ms
Closing JPA EntityManagerFactory for persistence unit 'default'
HikariPool-1 - Shutdown initiated...
HikariPool-1 - Shutdown completed.
HV000001: Hibernate Validator 6.2.0.Final
Starting SellApplication using Java 17 on DESKTOP-B6BC0A3 with PID 16660 (D:\Data\ICES\sell\target\classes started by Walker in D:\Data\ICES\sell)
No active profile set, falling back to default profiles: default
Bootstrapping Spring Data JPA repositories in DEFAULT mode.
Finished Spring Data repository scanning in 39 ms. Found 4 JPA repository interfaces.
Tomcat initialized with port(s): 8080 (http)
Loaded Apache Tomcat Native library [1.2.31] using APR version [1.7.0].
APR capabilities: IPv6 [true], sendfile [true], accept filters [false], random [true], UDS [true].
APR/OpenSSL configuration: useAprConnector [false], useOpenSSL [true]
OpenSSL successfully initialized [OpenSSL 1.1.1l  24 Aug 2021]
Initializing ProtocolHandler ["http-nio-8080"]
Starting service [Tomcat]
Starting Servlet engine: [Apache Tomcat/9.0.56]
Initializing Spring embedded WebApplicationContext
Root WebApplicationContext: initialization completed in 896 ms
HikariPool-1 - Starting...
HikariPool-1 - Start completed.
HHH000204: Processing PersistenceUnitInfo [name: default]
HHH000412: Hibernate ORM core version 5.6.4.Final
HCANN000001: Hibernate Commons Annotations {5.1.2.Final}
HHH000400: Using dialect: org.hibernate.dialect.MySQL57Dialect
HHH000490: Using JtaPlatform implementation: [org.hibernate.engine.transaction.jta.platform.internal.NoJtaPlatform]
Initialized JPA EntityManagerFactory for persistence unit 'default'
spring.jpa.open-in-view is enabled by default. Therefore, database queries may be performed during view rendering. Explicitly configure spring.jpa.open-in-view to disable this warning
Starting ProtocolHandler ["http-nio-8080"]
Tomcat started on port(s): 8080 (http) with context path '/sell'
Started SellApplication in 2.6 seconds (JVM running for 3.035)
Initializing Spring DispatcherServlet 'dispatcherServlet'
Initializing Servlet 'dispatcherServlet'
Completed initialization in 1 ms
Closing JPA EntityManagerFactory for persistence unit 'default'
HikariPool-1 - Shutdown initiated...
HikariPool-1 - Shutdown completed.
HV000001: Hibernate Validator 6.2.0.Final
Starting SellApplication using Java 17 on DESKTOP-B6BC0A3 with PID 2984 (D:\Data\ICES\sell\target\classes started by Walker in D:\Data\ICES\sell)
No active profile set, falling back to default profiles: default
Bootstrapping Spring Data JPA repositories in DEFAULT mode.
Finished Spring Data repository scanning in 39 ms. Found 4 JPA repository interfaces.
Tomcat initialized with port(s): 8080 (http)
Loaded Apache Tomcat Native library [1.2.31] using APR version [1.7.0].
APR capabilities: IPv6 [true], sendfile [true], accept filters [false], random [true], UDS [true].
APR/OpenSSL configuration: useAprConnector [false], useOpenSSL [true]
OpenSSL successfully initialized [OpenSSL 1.1.1l  24 Aug 2021]
Initializing ProtocolHandler ["http-nio-8080"]
Starting service [Tomcat]
Starting Servlet engine: [Apache Tomcat/9.0.56]
Initializing Spring embedded WebApplicationContext
Root WebApplicationContext: initialization completed in 895 ms
HikariPool-1 - Starting...
HikariPool-1 - Start completed.
HHH000204: Processing PersistenceUnitInfo [name: default]
HHH000412: Hibernate ORM core version 5.6.4.Final
HCANN000001: Hibernate Commons Annotations {5.1.2.Final}
HHH000400: Using dialect: org.hibernate.dialect.MySQL57Dialect
HHH000490: Using JtaPlatform implementation: [org.hibernate.engine.transaction.jta.platform.internal.NoJtaPlatform]
Initialized JPA EntityManagerFactory for persistence unit 'default'
spring.jpa.open-in-view is enabled by default. Therefore, database queries may be performed during view rendering. Explicitly configure spring.jpa.open-in-view to disable this warning
Starting ProtocolHandler ["http-nio-8080"]
Tomcat started on port(s): 8080 (http) with context path '/sell'
Started SellApplication in 2.612 seconds (JVM running for 3.085)
Closing JPA EntityManagerFactory for persistence unit 'default'
HikariPool-1 - Shutdown initiated...
HikariPool-1 - Shutdown completed.
Starting SellApplication using Java 17 on DESKTOP-B6BC0A3 with PID 7044 (D:\Data\ICES\sell\target\classes started by Walker in D:\Data\ICES\sell)
No active profile set, falling back to default profiles: default
HV000001: Hibernate Validator 6.2.0.Final
Bootstrapping Spring Data JPA repositories in DEFAULT mode.
Finished Spring Data repository scanning in 40 ms. Found 4 JPA repository interfaces.
Tomcat initialized with port(s): 8080 (http)
Loaded Apache Tomcat Native library [1.2.31] using APR version [1.7.0].
APR capabilities: IPv6 [true], sendfile [true], accept filters [false], random [true], UDS [true].
APR/OpenSSL configuration: useAprConnector [false], useOpenSSL [true]
OpenSSL successfully initialized [OpenSSL 1.1.1l  24 Aug 2021]
Initializing ProtocolHandler ["http-nio-8080"]
Starting service [Tomcat]
Starting Servlet engine: [Apache Tomcat/9.0.56]
Initializing Spring embedded WebApplicationContext
Root WebApplicationContext: initialization completed in 897 ms
HikariPool-1 - Starting...
HikariPool-1 - Start completed.
HHH000204: Processing PersistenceUnitInfo [name: default]
HHH000412: Hibernate ORM core version 5.6.4.Final
HCANN000001: Hibernate Commons Annotations {5.1.2.Final}
HHH000400: Using dialect: org.hibernate.dialect.MySQL57Dialect
HHH000490: Using JtaPlatform implementation: [org.hibernate.engine.transaction.jta.platform.internal.NoJtaPlatform]
Initialized JPA EntityManagerFactory for persistence unit 'default'
spring.jpa.open-in-view is enabled by default. Therefore, database queries may be performed during view rendering. Explicitly configure spring.jpa.open-in-view to disable this warning
Starting ProtocolHandler ["http-nio-8080"]
Tomcat started on port(s): 8080 (http) with context path '/sell'
Started SellApplication in 2.626 seconds (JVM running for 3.08)
Initializing Spring DispatcherServlet 'dispatcherServlet'
Initializing Servlet 'dispatcherServlet'
Completed initialization in 0 ms
Closing JPA EntityManagerFactory for persistence unit 'default'
HikariPool-1 - Shutdown initiated...
HikariPool-1 - Shutdown completed.
HV000001: Hibernate Validator 6.2.0.Final
Starting SellApplication using Java 17 on DESKTOP-B6BC0A3 with PID 9564 (D:\Data\ICES\sell\target\classes started by Walker in D:\Data\ICES\sell)
No active profile set, falling back to default profiles: default
Bootstrapping Spring Data JPA repositories in DEFAULT mode.
Finished Spring Data repository scanning in 40 ms. Found 4 JPA repository interfaces.
Tomcat initialized with port(s): 8080 (http)
Loaded Apache Tomcat Native library [1.2.31] using APR version [1.7.0].
APR capabilities: IPv6 [true], sendfile [true], accept filters [false], random [true], UDS [true].
APR/OpenSSL configuration: useAprConnector [false], useOpenSSL [true]
OpenSSL successfully initialized [OpenSSL 1.1.1l  24 Aug 2021]
Initializing ProtocolHandler ["http-nio-8080"]
Starting service [Tomcat]
Starting Servlet engine: [Apache Tomcat/9.0.56]
Initializing Spring embedded WebApplicationContext
Root WebApplicationContext: initialization completed in 884 ms
HikariPool-1 - Starting...
HikariPool-1 - Start completed.
HHH000204: Processing PersistenceUnitInfo [name: default]
HHH000412: Hibernate ORM core version 5.6.4.Final
HCANN000001: Hibernate Commons Annotations {5.1.2.Final}
HHH000400: Using dialect: org.hibernate.dialect.MySQL57Dialect
HHH000490: Using JtaPlatform implementation: [org.hibernate.engine.transaction.jta.platform.internal.NoJtaPlatform]
Initialized JPA EntityManagerFactory for persistence unit 'default'
spring.jpa.open-in-view is enabled by default. Therefore, database queries may be performed during view rendering. Explicitly configure spring.jpa.open-in-view to disable this warning
Starting ProtocolHandler ["http-nio-8080"]
Tomcat started on port(s): 8080 (http) with context path '/sell'
Started SellApplication in 2.592 seconds (JVM running for 3.023)
Initializing Spring DispatcherServlet 'dispatcherServlet'
Initializing Servlet 'dispatcherServlet'
Completed initialization in 1 ms
Closing JPA EntityManagerFactory for persistence unit 'default'
HikariPool-1 - Shutdown initiated...
HikariPool-1 - Shutdown completed.
HV000001: Hibernate Validator 6.2.0.Final
Starting SellApplication using Java 17 on DESKTOP-B6BC0A3 with PID 17404 (D:\Data\ICES\sell\target\classes started by Walker in D:\Data\ICES\sell)
No active profile set, falling back to default profiles: default
Bootstrapping Spring Data JPA repositories in DEFAULT mode.
Finished Spring Data repository scanning in 40 ms. Found 4 JPA repository interfaces.
Tomcat initialized with port(s): 8080 (http)
Loaded Apache Tomcat Native library [1.2.31] using APR version [1.7.0].
APR capabilities: IPv6 [true], sendfile [true], accept filters [false], random [true], UDS [true].
APR/OpenSSL configuration: useAprConnector [false], useOpenSSL [true]
OpenSSL successfully initialized [OpenSSL 1.1.1l  24 Aug 2021]
Initializing ProtocolHandler ["http-nio-8080"]
Starting service [Tomcat]
Starting Servlet engine: [Apache Tomcat/9.0.56]
Initializing Spring embedded WebApplicationContext
Root WebApplicationContext: initialization completed in 892 ms
HikariPool-1 - Starting...
HikariPool-1 - Start completed.
HHH000204: Processing PersistenceUnitInfo [name: default]
HHH000412: Hibernate ORM core version 5.6.4.Final
HCANN000001: Hibernate Commons Annotations {5.1.2.Final}
HHH000400: Using dialect: org.hibernate.dialect.MySQL57Dialect
HHH000490: Using JtaPlatform implementation: [org.hibernate.engine.transaction.jta.platform.internal.NoJtaPlatform]
Initialized JPA EntityManagerFactory for persistence unit 'default'
spring.jpa.open-in-view is enabled by default. Therefore, database queries may be performed during view rendering. Explicitly configure spring.jpa.open-in-view to disable this warning
Starting ProtocolHandler ["http-nio-8080"]
Tomcat started on port(s): 8080 (http) with context path '/sell'
Started SellApplication in 2.599 seconds (JVM running for 3.032)
Initializing Spring DispatcherServlet 'dispatcherServlet'
Initializing Servlet 'dispatcherServlet'
Completed initialization in 1 ms
Closing JPA EntityManagerFactory for persistence unit 'default'
HikariPool-1 - Shutdown initiated...
HikariPool-1 - Shutdown completed.
HV000001: Hibernate Validator 6.2.0.Final
Starting SellApplication using Java 17 on DESKTOP-B6BC0A3 with PID 1808 (D:\Data\ICES\sell\target\classes started by Walker in D:\Data\ICES\sell)
No active profile set, falling back to default profiles: default
Bootstrapping Spring Data JPA repositories in DEFAULT mode.
Finished Spring Data repository scanning in 41 ms. Found 4 JPA repository interfaces.
Tomcat initialized with port(s): 8080 (http)
Loaded Apache Tomcat Native library [1.2.31] using APR version [1.7.0].
APR capabilities: IPv6 [true], sendfile [true], accept filters [false], random [true], UDS [true].
APR/OpenSSL configuration: useAprConnector [false], useOpenSSL [true]
OpenSSL successfully initialized [OpenSSL 1.1.1l  24 Aug 2021]
Initializing ProtocolHandler ["http-nio-8080"]
Starting service [Tomcat]
Starting Servlet engine: [Apache Tomcat/9.0.56]
Initializing Spring embedded WebApplicationContext
Root WebApplicationContext: initialization completed in 881 ms
HikariPool-1 - Starting...
HikariPool-1 - Start completed.
HHH000204: Processing PersistenceUnitInfo [name: default]
HHH000412: Hibernate ORM core version 5.6.4.Final
HCANN000001: Hibernate Commons Annotations {5.1.2.Final}
HHH000400: Using dialect: org.hibernate.dialect.MySQL57Dialect
HHH000490: Using JtaPlatform implementation: [org.hibernate.engine.transaction.jta.platform.internal.NoJtaPlatform]
Initialized JPA EntityManagerFactory for persistence unit 'default'
spring.jpa.open-in-view is enabled by default. Therefore, database queries may be performed during view rendering. Explicitly configure spring.jpa.open-in-view to disable this warning
Starting ProtocolHandler ["http-nio-8080"]
Tomcat started on port(s): 8080 (http) with context path '/sell'
Started SellApplication in 2.573 seconds (JVM running for 3.04)
Initializing Spring DispatcherServlet 'dispatcherServlet'
Initializing Servlet 'dispatcherServlet'
Completed initialization in 1 ms
Closing JPA EntityManagerFactory for persistence unit 'default'
HikariPool-1 - Shutdown initiated...
HikariPool-1 - Shutdown completed.
HV000001: Hibernate Validator 6.2.0.Final
Starting SellApplication using Java 17 on DESKTOP-B6BC0A3 with PID 3532 (D:\Data\ICES\sell\target\classes started by Walker in D:\Data\ICES\sell)
No active profile set, falling back to default profiles: default
Bootstrapping Spring Data JPA repositories in DEFAULT mode.
Finished Spring Data repository scanning in 45 ms. Found 4 JPA repository interfaces.
Tomcat initialized with port(s): 8080 (http)
Loaded Apache Tomcat Native library [1.2.31] using APR version [1.7.0].
APR capabilities: IPv6 [true], sendfile [true], accept filters [false], random [true], UDS [true].
APR/OpenSSL configuration: useAprConnector [false], useOpenSSL [true]
OpenSSL successfully initialized [OpenSSL 1.1.1l  24 Aug 2021]
Initializing ProtocolHandler ["http-nio-8080"]
Starting service [Tomcat]
Starting Servlet engine: [Apache Tomcat/9.0.56]
Initializing Spring embedded WebApplicationContext
Root WebApplicationContext: initialization completed in 901 ms
HikariPool-1 - Starting...
HikariPool-1 - Start completed.
HHH000204: Processing PersistenceUnitInfo [name: default]
HHH000412: Hibernate ORM core version 5.6.4.Final
HCANN000001: Hibernate Commons Annotations {5.1.2.Final}
HHH000400: Using dialect: org.hibernate.dialect.MySQL57Dialect
HHH000490: Using JtaPlatform implementation: [org.hibernate.engine.transaction.jta.platform.internal.NoJtaPlatform]
Initialized JPA EntityManagerFactory for persistence unit 'default'
spring.jpa.open-in-view is enabled by default. Therefore, database queries may be performed during view rendering. Explicitly configure spring.jpa.open-in-view to disable this warning
Starting ProtocolHandler ["http-nio-8080"]
Tomcat started on port(s): 8080 (http) with context path '/sell'
Started SellApplication in 2.624 seconds (JVM running for 3.074)
Initializing Spring DispatcherServlet 'dispatcherServlet'
Initializing Servlet 'dispatcherServlet'
Completed initialization in 0 ms
Closing JPA EntityManagerFactory for persistence unit 'default'
HikariPool-1 - Shutdown initiated...
HikariPool-1 - Shutdown completed.
HV000001: Hibernate Validator 6.2.0.Final
Starting SellApplication using Java 17 on DESKTOP-B6BC0A3 with PID 12332 (D:\Data\ICES\sell\target\classes started by Walker in D:\Data\ICES\sell)
No active profile set, falling back to default profiles: default
Bootstrapping Spring Data JPA repositories in DEFAULT mode.
Finished Spring Data repository scanning in 39 ms. Found 4 JPA repository interfaces.
Tomcat initialized with port(s): 8080 (http)
Loaded Apache Tomcat Native library [1.2.31] using APR version [1.7.0].
APR capabilities: IPv6 [true], sendfile [true], accept filters [false], random [true], UDS [true].
APR/OpenSSL configuration: useAprConnector [false], useOpenSSL [true]
OpenSSL successfully initialized [OpenSSL 1.1.1l  24 Aug 2021]
Initializing ProtocolHandler ["http-nio-8080"]
Starting service [Tomcat]
Starting Servlet engine: [Apache Tomcat/9.0.56]
Initializing Spring embedded WebApplicationContext
Root WebApplicationContext: initialization completed in 881 ms
HikariPool-1 - Starting...
HikariPool-1 - Start completed.
HHH000204: Processing PersistenceUnitInfo [name: default]
HHH000412: Hibernate ORM core version 5.6.4.Final
HCANN000001: Hibernate Commons Annotations {5.1.2.Final}
HHH000400: Using dialect: org.hibernate.dialect.MySQL57Dialect
HHH000490: Using JtaPlatform implementation: [org.hibernate.engine.transaction.jta.platform.internal.NoJtaPlatform]
Initialized JPA EntityManagerFactory for persistence unit 'default'
spring.jpa.open-in-view is enabled by default. Therefore, database queries may be performed during view rendering. Explicitly configure spring.jpa.open-in-view to disable this warning
Starting ProtocolHandler ["http-nio-8080"]
Tomcat started on port(s): 8080 (http) with context path '/sell'
Started SellApplication in 2.599 seconds (JVM running for 3.066)
Initializing Spring DispatcherServlet 'dispatcherServlet'
Initializing Servlet 'dispatcherServlet'
Completed initialization in 0 ms
Closing JPA EntityManagerFactory for persistence unit 'default'
HikariPool-1 - Shutdown initiated...
HikariPool-1 - Shutdown completed.
HV000001: Hibernate Validator 6.2.0.Final
Starting SellApplication using Java 17 on DESKTOP-B6BC0A3 with PID 5392 (D:\Data\ICES\sell\target\classes started by Walker in D:\Data\ICES\sell)
No active profile set, falling back to default profiles: default
Bootstrapping Spring Data JPA repositories in DEFAULT mode.
Finished Spring Data repository scanning in 40 ms. Found 4 JPA repository interfaces.
Tomcat initialized with port(s): 8080 (http)
Loaded Apache Tomcat Native library [1.2.31] using APR version [1.7.0].
APR capabilities: IPv6 [true], sendfile [true], accept filters [false], random [true], UDS [true].
APR/OpenSSL configuration: useAprConnector [false], useOpenSSL [true]
OpenSSL successfully initialized [OpenSSL 1.1.1l  24 Aug 2021]
Initializing ProtocolHandler ["http-nio-8080"]
Starting service [Tomcat]
Starting Servlet engine: [Apache Tomcat/9.0.56]
Initializing Spring embedded WebApplicationContext
Root WebApplicationContext: initialization completed in 871 ms
HikariPool-1 - Starting...
HikariPool-1 - Start completed.
HHH000204: Processing PersistenceUnitInfo [name: default]
HHH000412: Hibernate ORM core version 5.6.4.Final
HCANN000001: Hibernate Commons Annotations {5.1.2.Final}
HHH000400: Using dialect: org.hibernate.dialect.MySQL57Dialect
HHH000490: Using JtaPlatform implementation: [org.hibernate.engine.transaction.jta.platform.internal.NoJtaPlatform]
Initialized JPA EntityManagerFactory for persistence unit 'default'
spring.jpa.open-in-view is enabled by default. Therefore, database queries may be performed during view rendering. Explicitly configure spring.jpa.open-in-view to disable this warning
Starting ProtocolHandler ["http-nio-8080"]
Tomcat started on port(s): 8080 (http) with context path '/sell'
Started SellApplication in 2.575 seconds (JVM running for 3.064)
Closing JPA EntityManagerFactory for persistence unit 'default'
HikariPool-1 - Shutdown initiated...
HikariPool-1 - Shutdown completed.
HV000001: Hibernate Validator 6.2.0.Final
Starting SellApplication using Java 17 on DESKTOP-B6BC0A3 with PID 9976 (D:\Data\ICES\sell\target\classes started by Walker in D:\Data\ICES\sell)
No active profile set, falling back to default profiles: default
Bootstrapping Spring Data JPA repositories in DEFAULT mode.
Finished Spring Data repository scanning in 40 ms. Found 4 JPA repository interfaces.
Tomcat initialized with port(s): 8080 (http)
Loaded Apache Tomcat Native library [1.2.31] using APR version [1.7.0].
APR capabilities: IPv6 [true], sendfile [true], accept filters [false], random [true], UDS [true].
APR/OpenSSL configuration: useAprConnector [false], useOpenSSL [true]
OpenSSL successfully initialized [OpenSSL 1.1.1l  24 Aug 2021]
Initializing ProtocolHandler ["http-nio-8080"]
Starting service [Tomcat]
Starting Servlet engine: [Apache Tomcat/9.0.56]
Initializing Spring embedded WebApplicationContext
Root WebApplicationContext: initialization completed in 884 ms
HikariPool-1 - Starting...
HikariPool-1 - Start completed.
HHH000204: Processing PersistenceUnitInfo [name: default]
HHH000412: Hibernate ORM core version 5.6.4.Final
HCANN000001: Hibernate Commons Annotations {5.1.2.Final}
HHH000400: Using dialect: org.hibernate.dialect.MySQL57Dialect
HHH000490: Using JtaPlatform implementation: [org.hibernate.engine.transaction.jta.platform.internal.NoJtaPlatform]
Initialized JPA EntityManagerFactory for persistence unit 'default'
spring.jpa.open-in-view is enabled by default. Therefore, database queries may be performed during view rendering. Explicitly configure spring.jpa.open-in-view to disable this warning
Starting ProtocolHandler ["http-nio-8080"]
Tomcat started on port(s): 8080 (http) with context path '/sell'
Started SellApplication in 2.609 seconds (JVM running for 3.087)
Initializing Spring DispatcherServlet 'dispatcherServlet'
Initializing Servlet 'dispatcherServlet'
Completed initialization in 0 ms
Closing JPA EntityManagerFactory for persistence unit 'default'
HikariPool-1 - Shutdown initiated...
HikariPool-1 - Shutdown completed.
HV000001: Hibernate Validator 6.2.0.Final
Starting SellApplication using Java 17 on DESKTOP-B6BC0A3 with PID 16816 (D:\Data\ICES\sell\target\classes started by Walker in D:\Data\ICES\sell)
No active profile set, falling back to default profiles: default
Bootstrapping Spring Data JPA repositories in DEFAULT mode.
Finished Spring Data repository scanning in 43 ms. Found 4 JPA repository interfaces.
Tomcat initialized with port(s): 8080 (http)
Loaded Apache Tomcat Native library [1.2.31] using APR version [1.7.0].
APR capabilities: IPv6 [true], sendfile [true], accept filters [false], random [true], UDS [true].
APR/OpenSSL configuration: useAprConnector [false], useOpenSSL [true]
OpenSSL successfully initialized [OpenSSL 1.1.1l  24 Aug 2021]
Initializing ProtocolHandler ["http-nio-8080"]
Starting service [Tomcat]
Starting Servlet engine: [Apache Tomcat/9.0.56]
Initializing Spring embedded WebApplicationContext
Root WebApplicationContext: initialization completed in 906 ms
HikariPool-1 - Starting...
HikariPool-1 - Start completed.
HHH000204: Processing PersistenceUnitInfo [name: default]
HHH000412: Hibernate ORM core version 5.6.4.Final
HCANN000001: Hibernate Commons Annotations {5.1.2.Final}
HHH000400: Using dialect: org.hibernate.dialect.MySQL57Dialect
HHH000490: Using JtaPlatform implementation: [org.hibernate.engine.transaction.jta.platform.internal.NoJtaPlatform]
Initialized JPA EntityManagerFactory for persistence unit 'default'
spring.jpa.open-in-view is enabled by default. Therefore, database queries may be performed during view rendering. Explicitly configure spring.jpa.open-in-view to disable this warning
Starting ProtocolHandler ["http-nio-8080"]
Tomcat started on port(s): 8080 (http) with context path '/sell'
Started SellApplication in 2.799 seconds (JVM running for 3.322)
Initializing Spring DispatcherServlet 'dispatcherServlet'
Initializing Servlet 'dispatcherServlet'
Completed initialization in 1 ms
Closing JPA EntityManagerFactory for persistence unit 'default'
HikariPool-1 - Shutdown initiated...
HikariPool-1 - Shutdown completed.
HV000001: Hibernate Validator 6.2.0.Final
Starting SellApplication using Java 17 on DESKTOP-B6BC0A3 with PID 13032 (D:\Data\ICES\sell\target\classes started by Walker in D:\Data\ICES\sell)
No active profile set, falling back to default profiles: default
Bootstrapping Spring Data JPA repositories in DEFAULT mode.
Finished Spring Data repository scanning in 39 ms. Found 4 JPA repository interfaces.
Tomcat initialized with port(s): 8080 (http)
Loaded Apache Tomcat Native library [1.2.31] using APR version [1.7.0].
APR capabilities: IPv6 [true], sendfile [true], accept filters [false], random [true], UDS [true].
APR/OpenSSL configuration: useAprConnector [false], useOpenSSL [true]
OpenSSL successfully initialized [OpenSSL 1.1.1l  24 Aug 2021]
Initializing ProtocolHandler ["http-nio-8080"]
Starting service [Tomcat]
Starting Servlet engine: [Apache Tomcat/9.0.56]
Initializing Spring embedded WebApplicationContext
Root WebApplicationContext: initialization completed in 873 ms
HikariPool-1 - Starting...
HikariPool-1 - Start completed.
HHH000204: Processing PersistenceUnitInfo [name: default]
HHH000412: Hibernate ORM core version 5.6.4.Final
HCANN000001: Hibernate Commons Annotations {5.1.2.Final}
HHH000400: Using dialect: org.hibernate.dialect.MySQL57Dialect
HHH000490: Using JtaPlatform implementation: [org.hibernate.engine.transaction.jta.platform.internal.NoJtaPlatform]
Initialized JPA EntityManagerFactory for persistence unit 'default'
spring.jpa.open-in-view is enabled by default. Therefore, database queries may be performed during view rendering. Explicitly configure spring.jpa.open-in-view to disable this warning
Starting ProtocolHandler ["http-nio-8080"]
Tomcat started on port(s): 8080 (http) with context path '/sell'
Started SellApplication in 2.567 seconds (JVM running for 3.043)
Initializing Spring DispatcherServlet 'dispatcherServlet'
Initializing Servlet 'dispatcherServlet'
Completed initialization in 0 ms
Closing JPA EntityManagerFactory for persistence unit 'default'
HikariPool-1 - Shutdown initiated...
HikariPool-1 - Shutdown completed.
HV000001: Hibernate Validator 6.2.0.Final
Starting SellApplication using Java 17 on DESKTOP-B6BC0A3 with PID 15896 (D:\Data\ICES\sell\target\classes started by Walker in D:\Data\ICES\sell)
No active profile set, falling back to default profiles: default
Bootstrapping Spring Data JPA repositories in DEFAULT mode.
Finished Spring Data repository scanning in 40 ms. Found 4 JPA repository interfaces.
Tomcat initialized with port(s): 8080 (http)
Loaded Apache Tomcat Native library [1.2.31] using APR version [1.7.0].
APR capabilities: IPv6 [true], sendfile [true], accept filters [false], random [true], UDS [true].
APR/OpenSSL configuration: useAprConnector [false], useOpenSSL [true]
OpenSSL successfully initialized [OpenSSL 1.1.1l  24 Aug 2021]
Initializing ProtocolHandler ["http-nio-8080"]
Starting service [Tomcat]
Starting Servlet engine: [Apache Tomcat/9.0.56]
Initializing Spring embedded WebApplicationContext
Root WebApplicationContext: initialization completed in 921 ms
HikariPool-1 - Starting...
HikariPool-1 - Start completed.
HHH000204: Processing PersistenceUnitInfo [name: default]
HHH000412: Hibernate ORM core version 5.6.4.Final
HCANN000001: Hibernate Commons Annotations {5.1.2.Final}
HHH000400: Using dialect: org.hibernate.dialect.MySQL57Dialect
HHH000490: Using JtaPlatform implementation: [org.hibernate.engine.transaction.jta.platform.internal.NoJtaPlatform]
Initialized JPA EntityManagerFactory for persistence unit 'default'
spring.jpa.open-in-view is enabled by default. Therefore, database queries may be performed during view rendering. Explicitly configure spring.jpa.open-in-view to disable this warning
Starting ProtocolHandler ["http-nio-8080"]
Tomcat started on port(s): 8080 (http) with context path '/sell'
Started SellApplication in 2.657 seconds (JVM running for 3.127)
Initializing Spring DispatcherServlet 'dispatcherServlet'
Initializing Servlet 'dispatcherServlet'
Completed initialization in 1 ms
Closing JPA EntityManagerFactory for persistence unit 'default'
HikariPool-1 - Shutdown initiated...
HikariPool-1 - Shutdown completed.
HV000001: Hibernate Validator 6.2.0.Final
Starting SellApplication using Java 17 on DESKTOP-B6BC0A3 with PID 9576 (D:\Data\ICES\sell\target\classes started by Walker in D:\Data\ICES\sell)
No active profile set, falling back to default profiles: default
Bootstrapping Spring Data JPA repositories in DEFAULT mode.
Finished Spring Data repository scanning in 41 ms. Found 4 JPA repository interfaces.
Tomcat initialized with port(s): 8080 (http)
Loaded Apache Tomcat Native library [1.2.31] using APR version [1.7.0].
APR capabilities: IPv6 [true], sendfile [true], accept filters [false], random [true], UDS [true].
APR/OpenSSL configuration: useAprConnector [false], useOpenSSL [true]
OpenSSL successfully initialized [OpenSSL 1.1.1l  24 Aug 2021]
Initializing ProtocolHandler ["http-nio-8080"]
Starting service [Tomcat]
Starting Servlet engine: [Apache Tomcat/9.0.56]
Initializing Spring embedded WebApplicationContext
Root WebApplicationContext: initialization completed in 958 ms
HikariPool-1 - Starting...
HikariPool-1 - Start completed.
HHH000204: Processing PersistenceUnitInfo [name: default]
HHH000412: Hibernate ORM core version 5.6.4.Final
HCANN000001: Hibernate Commons Annotations {5.1.2.Final}
HHH000400: Using dialect: org.hibernate.dialect.MySQL57Dialect
HHH000490: Using JtaPlatform implementation: [org.hibernate.engine.transaction.jta.platform.internal.NoJtaPlatform]
Initialized JPA EntityManagerFactory for persistence unit 'default'
spring.jpa.open-in-view is enabled by default. Therefore, database queries may be performed during view rendering. Explicitly configure spring.jpa.open-in-view to disable this warning
Starting ProtocolHandler ["http-nio-8080"]
Tomcat started on port(s): 8080 (http) with context path '/sell'
Started SellApplication in 2.729 seconds (JVM running for 3.179)
Initializing Spring DispatcherServlet 'dispatcherServlet'
Initializing Servlet 'dispatcherServlet'
Completed initialization in 1 ms
Closing JPA EntityManagerFactory for persistence unit 'default'
HikariPool-1 - Shutdown initiated...
HikariPool-1 - Shutdown completed.
HV000001: Hibernate Validator 6.2.0.Final
Starting SellApplication using Java 17 on DESKTOP-B6BC0A3 with PID 10052 (D:\Data\ICES\sell\target\classes started by Walker in D:\Data\ICES\sell)
No active profile set, falling back to default profiles: default
Bootstrapping Spring Data JPA repositories in DEFAULT mode.
Finished Spring Data repository scanning in 40 ms. Found 4 JPA repository interfaces.
Tomcat initialized with port(s): 8080 (http)
Loaded Apache Tomcat Native library [1.2.31] using APR version [1.7.0].
APR capabilities: IPv6 [true], sendfile [true], accept filters [false], random [true], UDS [true].
APR/OpenSSL configuration: useAprConnector [false], useOpenSSL [true]
OpenSSL successfully initialized [OpenSSL 1.1.1l  24 Aug 2021]
Initializing ProtocolHandler ["http-nio-8080"]
Starting service [Tomcat]
Starting Servlet engine: [Apache Tomcat/9.0.56]
Initializing Spring embedded WebApplicationContext
Root WebApplicationContext: initialization completed in 871 ms
HikariPool-1 - Starting...
HikariPool-1 - Start completed.
HHH000204: Processing PersistenceUnitInfo [name: default]
HHH000412: Hibernate ORM core version 5.6.4.Final
HCANN000001: Hibernate Commons Annotations {5.1.2.Final}
HHH000400: Using dialect: org.hibernate.dialect.MySQL57Dialect
HHH000490: Using JtaPlatform implementation: [org.hibernate.engine.transaction.jta.platform.internal.NoJtaPlatform]
Initialized JPA EntityManagerFactory for persistence unit 'default'
spring.jpa.open-in-view is enabled by default. Therefore, database queries may be performed during view rendering. Explicitly configure spring.jpa.open-in-view to disable this warning
Starting ProtocolHandler ["http-nio-8080"]
Tomcat started on port(s): 8080 (http) with context path '/sell'
Started SellApplication in 2.55 seconds (JVM running for 2.973)
Initializing Spring DispatcherServlet 'dispatcherServlet'
Initializing Servlet 'dispatcherServlet'
Completed initialization in 1 ms
Closing JPA EntityManagerFactory for persistence unit 'default'
HikariPool-1 - Shutdown initiated...
HikariPool-1 - Shutdown completed.
HV000001: Hibernate Validator 6.2.0.Final
Starting SellApplication using Java 17 on DESKTOP-B6BC0A3 with PID 16444 (D:\Data\ICES\sell\target\classes started by Walker in D:\Data\ICES\sell)
No active profile set, falling back to default profiles: default
Bootstrapping Spring Data JPA repositories in DEFAULT mode.
Finished Spring Data repository scanning in 42 ms. Found 4 JPA repository interfaces.
Tomcat initialized with port(s): 8080 (http)
Loaded Apache Tomcat Native library [1.2.31] using APR version [1.7.0].
APR capabilities: IPv6 [true], sendfile [true], accept filters [false], random [true], UDS [true].
APR/OpenSSL configuration: useAprConnector [false], useOpenSSL [true]
OpenSSL successfully initialized [OpenSSL 1.1.1l  24 Aug 2021]
Initializing ProtocolHandler ["http-nio-8080"]
Starting service [Tomcat]
Starting Servlet engine: [Apache Tomcat/9.0.56]
Initializing Spring embedded WebApplicationContext
Root WebApplicationContext: initialization completed in 892 ms
HikariPool-1 - Starting...
HikariPool-1 - Start completed.
HHH000204: Processing PersistenceUnitInfo [name: default]
HHH000412: Hibernate ORM core version 5.6.4.Final
HCANN000001: Hibernate Commons Annotations {5.1.2.Final}
HHH000400: Using dialect: org.hibernate.dialect.MySQL57Dialect
HHH000490: Using JtaPlatform implementation: [org.hibernate.engine.transaction.jta.platform.internal.NoJtaPlatform]
Initialized JPA EntityManagerFactory for persistence unit 'default'
spring.jpa.open-in-view is enabled by default. Therefore, database queries may be performed during view rendering. Explicitly configure spring.jpa.open-in-view to disable this warning
Starting ProtocolHandler ["http-nio-8080"]
Tomcat started on port(s): 8080 (http) with context path '/sell'
Started SellApplication in 2.659 seconds (JVM running for 3.104)
Closing JPA EntityManagerFactory for persistence unit 'default'
HikariPool-1 - Shutdown initiated...
HikariPool-1 - Shutdown completed.
HV000001: Hibernate Validator 6.2.0.Final
Starting SellApplication using Java 17 on DESKTOP-B6BC0A3 with PID 17044 (D:\Data\ICES\sell\target\classes started by Walker in D:\Data\ICES\sell)
No active profile set, falling back to default profiles: default
Bootstrapping Spring Data JPA repositories in DEFAULT mode.
Finished Spring Data repository scanning in 41 ms. Found 4 JPA repository interfaces.
Tomcat initialized with port(s): 8080 (http)
Loaded Apache Tomcat Native library [1.2.31] using APR version [1.7.0].
APR capabilities: IPv6 [true], sendfile [true], accept filters [false], random [true], UDS [true].
APR/OpenSSL configuration: useAprConnector [false], useOpenSSL [true]
OpenSSL successfully initialized [OpenSSL 1.1.1l  24 Aug 2021]
Initializing ProtocolHandler ["http-nio-8080"]
Starting service [Tomcat]
Starting Servlet engine: [Apache Tomcat/9.0.56]
Initializing Spring embedded WebApplicationContext
Root WebApplicationContext: initialization completed in 920 ms
HikariPool-1 - Starting...
HikariPool-1 - Start completed.
HHH000204: Processing PersistenceUnitInfo [name: default]
HHH000412: Hibernate ORM core version 5.6.4.Final
HCANN000001: Hibernate Commons Annotations {5.1.2.Final}
HHH000400: Using dialect: org.hibernate.dialect.MySQL57Dialect
HHH000490: Using JtaPlatform implementation: [org.hibernate.engine.transaction.jta.platform.internal.NoJtaPlatform]
Initialized JPA EntityManagerFactory for persistence unit 'default'
spring.jpa.open-in-view is enabled by default. Therefore, database queries may be performed during view rendering. Explicitly configure spring.jpa.open-in-view to disable this warning
Starting ProtocolHandler ["http-nio-8080"]
Tomcat started on port(s): 8080 (http) with context path '/sell'
Started SellApplication in 2.674 seconds (JVM running for 3.143)
Initializing Spring DispatcherServlet 'dispatcherServlet'
Initializing Servlet 'dispatcherServlet'
Completed initialization in 1 ms
Closing JPA EntityManagerFactory for persistence unit 'default'
HikariPool-1 - Shutdown initiated...
HikariPool-1 - Shutdown completed.
HV000001: Hibernate Validator 6.2.0.Final
Starting SellApplication using Java 17 on DESKTOP-B6BC0A3 with PID 4560 (D:\Data\ICES\sell\target\classes started by Walker in D:\Data\ICES\sell)
No active profile set, falling back to default profiles: default
Bootstrapping Spring Data JPA repositories in DEFAULT mode.
Finished Spring Data repository scanning in 40 ms. Found 4 JPA repository interfaces.
Tomcat initialized with port(s): 8080 (http)
Loaded Apache Tomcat Native library [1.2.31] using APR version [1.7.0].
APR capabilities: IPv6 [true], sendfile [true], accept filters [false], random [true], UDS [true].
APR/OpenSSL configuration: useAprConnector [false], useOpenSSL [true]
OpenSSL successfully initialized [OpenSSL 1.1.1l  24 Aug 2021]
Initializing ProtocolHandler ["http-nio-8080"]
Starting service [Tomcat]
Starting Servlet engine: [Apache Tomcat/9.0.56]
Initializing Spring embedded WebApplicationContext
Root WebApplicationContext: initialization completed in 874 ms
HikariPool-1 - Starting...
HikariPool-1 - Start completed.
HHH000204: Processing PersistenceUnitInfo [name: default]
HHH000412: Hibernate ORM core version 5.6.4.Final
HCANN000001: Hibernate Commons Annotations {5.1.2.Final}
HHH000400: Using dialect: org.hibernate.dialect.MySQL57Dialect
HHH000490: Using JtaPlatform implementation: [org.hibernate.engine.transaction.jta.platform.internal.NoJtaPlatform]
Initialized JPA EntityManagerFactory for persistence unit 'default'
spring.jpa.open-in-view is enabled by default. Therefore, database queries may be performed during view rendering. Explicitly configure spring.jpa.open-in-view to disable this warning
Starting ProtocolHandler ["http-nio-8080"]
Tomcat started on port(s): 8080 (http) with context path '/sell'
Started SellApplication in 2.57 seconds (JVM running for 3.036)
Initializing Spring DispatcherServlet 'dispatcherServlet'
Initializing Servlet 'dispatcherServlet'
Completed initialization in 1 ms
Closing JPA EntityManagerFactory for persistence unit 'default'
HikariPool-1 - Shutdown initiated...
HikariPool-1 - Shutdown completed.
