Starting BuyerServiceImplTest using Java 17 on DESKTOP-B6BC0A3 with PID 17996 (started by Walker in D:\Data\ICES\sell)
No active profile set, falling back to default profiles: default
HV000001: Hibernate Validator 6.2.0.Final
Bootstrapping Spring Data JPA repositories in DEFAULT mode.
Finished Spring Data repository scanning in 79 ms. Found 7 JPA repository interfaces.
HikariPool-1 - Starting...
HikariPool-1 - Start completed.
HHH000204: Processing PersistenceUnitInfo [name: default]
HHH000412: Hibernate ORM core version 5.6.4.Final
HCANN000001: Hibernate Commons Annotations {5.1.2.Final}
HHH000400: Using dialect: org.hibernate.dialect.MySQL8Dialect
HHH000490: Using JtaPlatform implementation: [org.hibernate.engine.transaction.jta.platform.internal.NoJtaPlatform]
Initialized JPA EntityManagerFactory for persistence unit 'default'
spring.jpa.open-in-view is enabled by default. Therefore, database queries may be performed during view rendering. Explicitly configure spring.jpa.open-in-view to disable this warning
Started BuyerServiceImplTest in 4.781 seconds (JVM running for 5.826)
SQL Error: 1054, SQLState: 42S22
Closing JPA EntityManagerFactory for persistence unit 'default'
HikariPool-1 - Shutdown initiated...
HikariPool-1 - Shutdown completed.
Starting BuyerServiceImplTest using Java 17 on DESKTOP-B6BC0A3 with PID 26236 (started by Walker in D:\Data\ICES\sell)
No active profile set, falling back to default profiles: default
HV000001: Hibernate Validator 6.2.0.Final
Bootstrapping Spring Data JPA repositories in DEFAULT mode.
Finished Spring Data repository scanning in 73 ms. Found 7 JPA repository interfaces.
HikariPool-1 - Starting...
HikariPool-1 - Start completed.
HHH000204: Processing PersistenceUnitInfo [name: default]
HHH000412: Hibernate ORM core version 5.6.4.Final
HCANN000001: Hibernate Commons Annotations {5.1.2.Final}
HHH000400: Using dialect: org.hibernate.dialect.MySQL8Dialect
HHH000490: Using JtaPlatform implementation: [org.hibernate.engine.transaction.jta.platform.internal.NoJtaPlatform]
Initialized JPA EntityManagerFactory for persistence unit 'default'
spring.jpa.open-in-view is enabled by default. Therefore, database queries may be performed during view rendering. Explicitly configure spring.jpa.open-in-view to disable this warning
Started BuyerServiceImplTest in 4.232 seconds (JVM running for 5.125)
SQL Error: 1054, SQLState: 42S22
Closing JPA EntityManagerFactory for persistence unit 'default'
HikariPool-1 - Shutdown initiated...
HikariPool-1 - Shutdown completed.
Starting BuyerServiceImplTest using Java 17 on DESKTOP-B6BC0A3 with PID 14600 (started by Walker in D:\Data\ICES\sell)
No active profile set, falling back to default profiles: default
HV000001: Hibernate Validator 6.2.0.Final
Bootstrapping Spring Data JPA repositories in DEFAULT mode.
Finished Spring Data repository scanning in 78 ms. Found 7 JPA repository interfaces.
HikariPool-1 - Starting...
HikariPool-1 - Start completed.
HHH000204: Processing PersistenceUnitInfo [name: default]
HHH000412: Hibernate ORM core version 5.6.4.Final
HCANN000001: Hibernate Commons Annotations {5.1.2.Final}
HHH000400: Using dialect: org.hibernate.dialect.MySQL8Dialect
HHH000490: Using JtaPlatform implementation: [org.hibernate.engine.transaction.jta.platform.internal.NoJtaPlatform]
Initialized JPA EntityManagerFactory for persistence unit 'default'
spring.jpa.open-in-view is enabled by default. Therefore, database queries may be performed during view rendering. Explicitly configure spring.jpa.open-in-view to disable this warning
Started BuyerServiceImplTest in 4.218 seconds (JVM running for 5.085)
Closing JPA EntityManagerFactory for persistence unit 'default'
HikariPool-1 - Shutdown initiated...
HikariPool-1 - Shutdown completed.
Starting BuyerServiceImplTest using Java 17 on DESKTOP-B6BC0A3 with PID 24104 (started by Walker in D:\Data\ICES\sell)
No active profile set, falling back to default profiles: default
HV000001: Hibernate Validator 6.2.0.Final
Bootstrapping Spring Data JPA repositories in DEFAULT mode.
Finished Spring Data repository scanning in 83 ms. Found 7 JPA repository interfaces.
HikariPool-1 - Starting...
HikariPool-1 - Start completed.
HHH000204: Processing PersistenceUnitInfo [name: default]
HHH000412: Hibernate ORM core version 5.6.4.Final
HCANN000001: Hibernate Commons Annotations {5.1.2.Final}
HHH000400: Using dialect: org.hibernate.dialect.MySQL8Dialect
HHH000490: Using JtaPlatform implementation: [org.hibernate.engine.transaction.jta.platform.internal.NoJtaPlatform]
Initialized JPA EntityManagerFactory for persistence unit 'default'
spring.jpa.open-in-view is enabled by default. Therefore, database queries may be performed during view rendering. Explicitly configure spring.jpa.open-in-view to disable this warning
Started BuyerServiceImplTest in 5.07 seconds (JVM running for 6.565)
Closing JPA EntityManagerFactory for persistence unit 'default'
HikariPool-1 - Shutdown initiated...
HikariPool-1 - Shutdown completed.
Starting BuyerServiceImplTest using Java 17 on DESKTOP-B6BC0A3 with PID 19328 (started by Walker in D:\Data\ICES\sell)
No active profile set, falling back to default profiles: default
HV000001: Hibernate Validator 6.2.0.Final
Bootstrapping Spring Data JPA repositories in DEFAULT mode.
Finished Spring Data repository scanning in 81 ms. Found 7 JPA repository interfaces.
HikariPool-1 - Starting...
HikariPool-1 - Start completed.
HHH000204: Processing PersistenceUnitInfo [name: default]
HHH000412: Hibernate ORM core version 5.6.4.Final
HCANN000001: Hibernate Commons Annotations {5.1.2.Final}
HHH000400: Using dialect: org.hibernate.dialect.MySQL8Dialect
HHH000490: Using JtaPlatform implementation: [org.hibernate.engine.transaction.jta.platform.internal.NoJtaPlatform]
Initialized JPA EntityManagerFactory for persistence unit 'default'
spring.jpa.open-in-view is enabled by default. Therefore, database queries may be performed during view rendering. Explicitly configure spring.jpa.open-in-view to disable this warning
Started BuyerServiceImplTest in 4.887 seconds (JVM running for 6.153)
Closing JPA EntityManagerFactory for persistence unit 'default'
HikariPool-1 - Shutdown initiated...
HikariPool-1 - Shutdown completed.
Starting SellApplication using Java 17 on DESKTOP-B6BC0A3 with PID 25536 (D:\Data\ICES\sell\target\classes started by Walker in D:\Data\ICES\sell)
No active profile set, falling back to default profiles: default
HV000001: Hibernate Validator 6.2.0.Final
Bootstrapping Spring Data JPA repositories in DEFAULT mode.
Finished Spring Data repository scanning in 53 ms. Found 7 JPA repository interfaces.
Tomcat initialized with port(s): 8080 (http)
Loaded Apache Tomcat Native library [1.2.31] using APR version [1.7.0].
APR capabilities: IPv6 [true], sendfile [true], accept filters [false], random [true], UDS [true].
APR/OpenSSL configuration: useAprConnector [false], useOpenSSL [true]
OpenSSL successfully initialized [OpenSSL 1.1.1l  24 Aug 2021]
Initializing ProtocolHandler ["http-nio-8080"]
Starting service [Tomcat]
Starting Servlet engine: [Apache Tomcat/9.0.56]
Initializing Spring embedded WebApplicationContext
Root WebApplicationContext: initialization completed in 1066 ms
HikariPool-1 - Starting...
HikariPool-1 - Start completed.
HHH000204: Processing PersistenceUnitInfo [name: default]
HHH000412: Hibernate ORM core version 5.6.4.Final
HCANN000001: Hibernate Commons Annotations {5.1.2.Final}
HHH000400: Using dialect: org.hibernate.dialect.MySQL8Dialect
HHH000490: Using JtaPlatform implementation: [org.hibernate.engine.transaction.jta.platform.internal.NoJtaPlatform]
Initialized JPA EntityManagerFactory for persistence unit 'default'
spring.jpa.open-in-view is enabled by default. Therefore, database queries may be performed during view rendering. Explicitly configure spring.jpa.open-in-view to disable this warning
Starting ProtocolHandler ["http-nio-8080"]
Tomcat started on port(s): 8080 (http) with context path '/sell'
Started SellApplication in 2.989 seconds (JVM running for 3.495)
Initializing Spring DispatcherServlet 'dispatcherServlet'
Initializing Servlet 'dispatcherServlet'
Completed initialization in 1 ms
Closing JPA EntityManagerFactory for persistence unit 'default'
HikariPool-1 - Shutdown initiated...
HikariPool-1 - Shutdown completed.
Starting BuyerServiceImplTest using Java 17 on DESKTOP-B6BC0A3 with PID 20784 (started by Walker in D:\Data\ICES\sell)
No active profile set, falling back to default profiles: default
HV000001: Hibernate Validator 6.2.0.Final
Bootstrapping Spring Data JPA repositories in DEFAULT mode.
Finished Spring Data repository scanning in 77 ms. Found 7 JPA repository interfaces.
HikariPool-1 - Starting...
HikariPool-1 - Start completed.
HHH000204: Processing PersistenceUnitInfo [name: default]
HHH000412: Hibernate ORM core version 5.6.4.Final
HCANN000001: Hibernate Commons Annotations {5.1.2.Final}
HHH000400: Using dialect: org.hibernate.dialect.MySQL8Dialect
HHH000490: Using JtaPlatform implementation: [org.hibernate.engine.transaction.jta.platform.internal.NoJtaPlatform]
Initialized JPA EntityManagerFactory for persistence unit 'default'
spring.jpa.open-in-view is enabled by default. Therefore, database queries may be performed during view rendering. Explicitly configure spring.jpa.open-in-view to disable this warning
Started BuyerServiceImplTest in 4.359 seconds (JVM running for 5.317)
Closing JPA EntityManagerFactory for persistence unit 'default'
HikariPool-1 - Shutdown initiated...
HikariPool-1 - Shutdown completed.
Starting BuyerServiceImplTest using Java 17 on DESKTOP-B6BC0A3 with PID 25572 (started by Walker in D:\Data\ICES\sell)
No active profile set, falling back to default profiles: default
HV000001: Hibernate Validator 6.2.0.Final
Bootstrapping Spring Data JPA repositories in DEFAULT mode.
Finished Spring Data repository scanning in 77 ms. Found 7 JPA repository interfaces.
HikariPool-1 - Starting...
HikariPool-1 - Start completed.
HHH000204: Processing PersistenceUnitInfo [name: default]
HHH000412: Hibernate ORM core version 5.6.4.Final
HCANN000001: Hibernate Commons Annotations {5.1.2.Final}
HHH000400: Using dialect: org.hibernate.dialect.MySQL8Dialect
HHH000490: Using JtaPlatform implementation: [org.hibernate.engine.transaction.jta.platform.internal.NoJtaPlatform]
Initialized JPA EntityManagerFactory for persistence unit 'default'
spring.jpa.open-in-view is enabled by default. Therefore, database queries may be performed during view rendering. Explicitly configure spring.jpa.open-in-view to disable this warning
Started BuyerServiceImplTest in 4.205 seconds (JVM running for 5.165)
Closing JPA EntityManagerFactory for persistence unit 'default'
HikariPool-1 - Shutdown initiated...
HikariPool-1 - Shutdown completed.
Starting BuyerServiceImplTest using Java 17 on DESKTOP-B6BC0A3 with PID 26972 (started by Walker in D:\Data\ICES\sell)
No active profile set, falling back to default profiles: default
HV000001: Hibernate Validator 6.2.0.Final
Bootstrapping Spring Data JPA repositories in DEFAULT mode.
Finished Spring Data repository scanning in 78 ms. Found 7 JPA repository interfaces.
HikariPool-1 - Starting...
HikariPool-1 - Start completed.
HHH000204: Processing PersistenceUnitInfo [name: default]
HHH000412: Hibernate ORM core version 5.6.4.Final
HCANN000001: Hibernate Commons Annotations {5.1.2.Final}
HHH000400: Using dialect: org.hibernate.dialect.MySQL8Dialect
HHH000490: Using JtaPlatform implementation: [org.hibernate.engine.transaction.jta.platform.internal.NoJtaPlatform]
Initialized JPA EntityManagerFactory for persistence unit 'default'
spring.jpa.open-in-view is enabled by default. Therefore, database queries may be performed during view rendering. Explicitly configure spring.jpa.open-in-view to disable this warning
Started BuyerServiceImplTest in 4.167 seconds (JVM running for 5.063)
Closing JPA EntityManagerFactory for persistence unit 'default'
HikariPool-1 - Shutdown initiated...
HikariPool-1 - Shutdown completed.
Starting BuyerServiceImplTest using Java 17 on DESKTOP-B6BC0A3 with PID 26292 (started by Walker in D:\Data\ICES\sell)
No active profile set, falling back to default profiles: default
HV000001: Hibernate Validator 6.2.0.Final
Bootstrapping Spring Data JPA repositories in DEFAULT mode.
Finished Spring Data repository scanning in 71 ms. Found 7 JPA repository interfaces.
HikariPool-1 - Starting...
HikariPool-1 - Start completed.
HHH000204: Processing PersistenceUnitInfo [name: default]
HHH000412: Hibernate ORM core version 5.6.4.Final
HCANN000001: Hibernate Commons Annotations {5.1.2.Final}
HHH000400: Using dialect: org.hibernate.dialect.MySQL8Dialect
HHH000490: Using JtaPlatform implementation: [org.hibernate.engine.transaction.jta.platform.internal.NoJtaPlatform]
Initialized JPA EntityManagerFactory for persistence unit 'default'
spring.jpa.open-in-view is enabled by default. Therefore, database queries may be performed during view rendering. Explicitly configure spring.jpa.open-in-view to disable this warning
Started BuyerServiceImplTest in 4.222 seconds (JVM running for 5.17)
Closing JPA EntityManagerFactory for persistence unit 'default'
HikariPool-1 - Shutdown initiated...
HikariPool-1 - Shutdown completed.
Starting BuyerServiceImplTest using Java 17 on DESKTOP-B6BC0A3 with PID 9940 (started by Walker in D:\Data\ICES\sell)
No active profile set, falling back to default profiles: default
HV000001: Hibernate Validator 6.2.0.Final
Bootstrapping Spring Data JPA repositories in DEFAULT mode.
Finished Spring Data repository scanning in 72 ms. Found 7 JPA repository interfaces.
HikariPool-1 - Starting...
HikariPool-1 - Start completed.
HHH000204: Processing PersistenceUnitInfo [name: default]
HHH000412: Hibernate ORM core version 5.6.4.Final
HCANN000001: Hibernate Commons Annotations {5.1.2.Final}
HHH000400: Using dialect: org.hibernate.dialect.MySQL8Dialect
HHH000490: Using JtaPlatform implementation: [org.hibernate.engine.transaction.jta.platform.internal.NoJtaPlatform]
Initialized JPA EntityManagerFactory for persistence unit 'default'
spring.jpa.open-in-view is enabled by default. Therefore, database queries may be performed during view rendering. Explicitly configure spring.jpa.open-in-view to disable this warning
Started BuyerServiceImplTest in 4.264 seconds (JVM running for 5.134)
Closing JPA EntityManagerFactory for persistence unit 'default'
HikariPool-1 - Shutdown initiated...
HikariPool-1 - Shutdown completed.
Starting BuyerServiceImplTest using Java 17 on DESKTOP-B6BC0A3 with PID 20188 (started by Walker in D:\Data\ICES\sell)
No active profile set, falling back to default profiles: default
HV000001: Hibernate Validator 6.2.0.Final
Bootstrapping Spring Data JPA repositories in DEFAULT mode.
Finished Spring Data repository scanning in 70 ms. Found 7 JPA repository interfaces.
HikariPool-1 - Starting...
HikariPool-1 - Start completed.
HHH000204: Processing PersistenceUnitInfo [name: default]
HHH000412: Hibernate ORM core version 5.6.4.Final
HCANN000001: Hibernate Commons Annotations {5.1.2.Final}
HHH000400: Using dialect: org.hibernate.dialect.MySQL8Dialect
HHH000490: Using JtaPlatform implementation: [org.hibernate.engine.transaction.jta.platform.internal.NoJtaPlatform]
Initialized JPA EntityManagerFactory for persistence unit 'default'
spring.jpa.open-in-view is enabled by default. Therefore, database queries may be performed during view rendering. Explicitly configure spring.jpa.open-in-view to disable this warning
Started BuyerServiceImplTest in 4.147 seconds (JVM running for 5.036)
Closing JPA EntityManagerFactory for persistence unit 'default'
HikariPool-1 - Shutdown initiated...
HikariPool-1 - Shutdown completed.
Starting BuyerServiceImplTest using Java 17 on DESKTOP-B6BC0A3 with PID 17036 (started by Walker in D:\Data\ICES\sell)
No active profile set, falling back to default profiles: default
HV000001: Hibernate Validator 6.2.0.Final
Bootstrapping Spring Data JPA repositories in DEFAULT mode.
Finished Spring Data repository scanning in 76 ms. Found 7 JPA repository interfaces.
HikariPool-1 - Starting...
HikariPool-1 - Start completed.
HHH000204: Processing PersistenceUnitInfo [name: default]
HHH000412: Hibernate ORM core version 5.6.4.Final
HCANN000001: Hibernate Commons Annotations {5.1.2.Final}
HHH000400: Using dialect: org.hibernate.dialect.MySQL8Dialect
HHH000490: Using JtaPlatform implementation: [org.hibernate.engine.transaction.jta.platform.internal.NoJtaPlatform]
Initialized JPA EntityManagerFactory for persistence unit 'default'
spring.jpa.open-in-view is enabled by default. Therefore, database queries may be performed during view rendering. Explicitly configure spring.jpa.open-in-view to disable this warning
Started BuyerServiceImplTest in 4.27 seconds (JVM running for 5.146)
Closing JPA EntityManagerFactory for persistence unit 'default'
HikariPool-1 - Shutdown initiated...
HikariPool-1 - Shutdown completed.
Starting BuyerServiceImplTest using Java 17 on DESKTOP-B6BC0A3 with PID 26592 (started by Walker in D:\Data\ICES\sell)
No active profile set, falling back to default profiles: default
HV000001: Hibernate Validator 6.2.0.Final
Bootstrapping Spring Data JPA repositories in DEFAULT mode.
Finished Spring Data repository scanning in 84 ms. Found 7 JPA repository interfaces.
HikariPool-1 - Starting...
HikariPool-1 - Start completed.
HHH000204: Processing PersistenceUnitInfo [name: default]
HHH000412: Hibernate ORM core version 5.6.4.Final
HCANN000001: Hibernate Commons Annotations {5.1.2.Final}
HHH000400: Using dialect: org.hibernate.dialect.MySQL8Dialect
HHH000490: Using JtaPlatform implementation: [org.hibernate.engine.transaction.jta.platform.internal.NoJtaPlatform]
Initialized JPA EntityManagerFactory for persistence unit 'default'
spring.jpa.open-in-view is enabled by default. Therefore, database queries may be performed during view rendering. Explicitly configure spring.jpa.open-in-view to disable this warning
Started BuyerServiceImplTest in 4.883 seconds (JVM running for 5.994)
Closing JPA EntityManagerFactory for persistence unit 'default'
HikariPool-1 - Shutdown initiated...
HikariPool-1 - Shutdown completed.
Starting BuyerServiceImplTest using Java 17 on DESKTOP-B6BC0A3 with PID 24496 (started by Walker in D:\Data\ICES\sell)
No active profile set, falling back to default profiles: default
HV000001: Hibernate Validator 6.2.0.Final
Bootstrapping Spring Data JPA repositories in DEFAULT mode.
Finished Spring Data repository scanning in 71 ms. Found 7 JPA repository interfaces.
HikariPool-1 - Starting...
HikariPool-1 - Start completed.
HHH000204: Processing PersistenceUnitInfo [name: default]
HHH000412: Hibernate ORM core version 5.6.4.Final
HCANN000001: Hibernate Commons Annotations {5.1.2.Final}
HHH000400: Using dialect: org.hibernate.dialect.MySQL8Dialect
HHH000490: Using JtaPlatform implementation: [org.hibernate.engine.transaction.jta.platform.internal.NoJtaPlatform]
Initialized JPA EntityManagerFactory for persistence unit 'default'
spring.jpa.open-in-view is enabled by default. Therefore, database queries may be performed during view rendering. Explicitly configure spring.jpa.open-in-view to disable this warning
Started BuyerServiceImplTest in 4.336 seconds (JVM running for 5.184)
Closing JPA EntityManagerFactory for persistence unit 'default'
HikariPool-1 - Shutdown initiated...
HikariPool-1 - Shutdown completed.
HV000001: Hibernate Validator 6.2.0.Final
Starting SellApplication using Java 17 on DESKTOP-B6BC0A3 with PID 27480 (D:\Data\ICES\sell\target\classes started by Walker in D:\Data\ICES\sell)
No active profile set, falling back to default profiles: default
Bootstrapping Spring Data JPA repositories in DEFAULT mode.
Finished Spring Data repository scanning in 52 ms. Found 7 JPA repository interfaces.
Tomcat initialized with port(s): 8080 (http)
Loaded Apache Tomcat Native library [1.2.31] using APR version [1.7.0].
APR capabilities: IPv6 [true], sendfile [true], accept filters [false], random [true], UDS [true].
APR/OpenSSL configuration: useAprConnector [false], useOpenSSL [true]
OpenSSL successfully initialized [OpenSSL 1.1.1l  24 Aug 2021]
Initializing ProtocolHandler ["http-nio-8080"]
Starting service [Tomcat]
Starting Servlet engine: [Apache Tomcat/9.0.56]
Initializing Spring embedded WebApplicationContext
Root WebApplicationContext: initialization completed in 934 ms
HikariPool-1 - Starting...
HikariPool-1 - Start completed.
HHH000204: Processing PersistenceUnitInfo [name: default]
HHH000412: Hibernate ORM core version 5.6.4.Final
HCANN000001: Hibernate Commons Annotations {5.1.2.Final}
HHH000400: Using dialect: org.hibernate.dialect.MySQL8Dialect
HHH000490: Using JtaPlatform implementation: [org.hibernate.engine.transaction.jta.platform.internal.NoJtaPlatform]
Initialized JPA EntityManagerFactory for persistence unit 'default'
spring.jpa.open-in-view is enabled by default. Therefore, database queries may be performed during view rendering. Explicitly configure spring.jpa.open-in-view to disable this warning
Starting ProtocolHandler ["http-nio-8080"]
Tomcat started on port(s): 8080 (http) with context path '/sell'
Started SellApplication in 2.76 seconds (JVM running for 3.242)
Initializing Spring DispatcherServlet 'dispatcherServlet'
Initializing Servlet 'dispatcherServlet'
Completed initialization in 0 ms
Starting BuyerServiceImplTest using Java 17 on DESKTOP-B6BC0A3 with PID 18944 (started by Walker in D:\Data\ICES\sell)
No active profile set, falling back to default profiles: default
HV000001: Hibernate Validator 6.2.0.Final
Bootstrapping Spring Data JPA repositories in DEFAULT mode.
Finished Spring Data repository scanning in 73 ms. Found 7 JPA repository interfaces.
HikariPool-1 - Starting...
HikariPool-1 - Start completed.
HHH000204: Processing PersistenceUnitInfo [name: default]
HHH000412: Hibernate ORM core version 5.6.4.Final
HCANN000001: Hibernate Commons Annotations {5.1.2.Final}
HHH000400: Using dialect: org.hibernate.dialect.MySQL8Dialect
HHH000490: Using JtaPlatform implementation: [org.hibernate.engine.transaction.jta.platform.internal.NoJtaPlatform]
Initialized JPA EntityManagerFactory for persistence unit 'default'
spring.jpa.open-in-view is enabled by default. Therefore, database queries may be performed during view rendering. Explicitly configure spring.jpa.open-in-view to disable this warning
Started BuyerServiceImplTest in 4.543 seconds (JVM running for 5.468)
Closing JPA EntityManagerFactory for persistence unit 'default'
HikariPool-1 - Shutdown initiated...
HikariPool-1 - Shutdown completed.
Resolved [org.springframework.web.HttpRequestMethodNotSupportedException: Request method 'GET' not supported]
Closing JPA EntityManagerFactory for persistence unit 'default'
HikariPool-1 - Shutdown initiated...
HikariPool-1 - Shutdown completed.
HV000001: Hibernate Validator 6.2.0.Final
Starting SellApplication using Java 17 on DESKTOP-B6BC0A3 with PID 7184 (D:\Data\ICES\sell\target\classes started by Walker in D:\Data\ICES\sell)
No active profile set, falling back to default profiles: default
Bootstrapping Spring Data JPA repositories in DEFAULT mode.
Finished Spring Data repository scanning in 50 ms. Found 7 JPA repository interfaces.
Tomcat initialized with port(s): 8080 (http)
Loaded Apache Tomcat Native library [1.2.31] using APR version [1.7.0].
APR capabilities: IPv6 [true], sendfile [true], accept filters [false], random [true], UDS [true].
APR/OpenSSL configuration: useAprConnector [false], useOpenSSL [true]
OpenSSL successfully initialized [OpenSSL 1.1.1l  24 Aug 2021]
Initializing ProtocolHandler ["http-nio-8080"]
Starting service [Tomcat]
Starting Servlet engine: [Apache Tomcat/9.0.56]
Initializing Spring embedded WebApplicationContext
Root WebApplicationContext: initialization completed in 956 ms
HikariPool-1 - Starting...
HikariPool-1 - Start completed.
HHH000204: Processing PersistenceUnitInfo [name: default]
HHH000412: Hibernate ORM core version 5.6.4.Final
HCANN000001: Hibernate Commons Annotations {5.1.2.Final}
HHH000400: Using dialect: org.hibernate.dialect.MySQL8Dialect
HHH000490: Using JtaPlatform implementation: [org.hibernate.engine.transaction.jta.platform.internal.NoJtaPlatform]
Initialized JPA EntityManagerFactory for persistence unit 'default'
spring.jpa.open-in-view is enabled by default. Therefore, database queries may be performed during view rendering. Explicitly configure spring.jpa.open-in-view to disable this warning
Starting ProtocolHandler ["http-nio-8080"]
Tomcat started on port(s): 8080 (http) with context path '/sell'
Started SellApplication in 2.833 seconds (JVM running for 3.314)
Initializing Spring DispatcherServlet 'dispatcherServlet'
Initializing Servlet 'dispatcherServlet'
Completed initialization in 0 ms
Resolved [org.springframework.web.HttpRequestMethodNotSupportedException: Request method 'GET' not supported]
Closing JPA EntityManagerFactory for persistence unit 'default'
HikariPool-1 - Shutdown initiated...
HikariPool-1 - Shutdown completed.
HV000001: Hibernate Validator 6.2.0.Final
Starting SellApplication using Java 17 on DESKTOP-B6BC0A3 with PID 26228 (D:\Data\ICES\sell\target\classes started by Walker in D:\Data\ICES\sell)
No active profile set, falling back to default profiles: default
Bootstrapping Spring Data JPA repositories in DEFAULT mode.
Finished Spring Data repository scanning in 61 ms. Found 7 JPA repository interfaces.
Tomcat initialized with port(s): 8080 (http)
HV000001: Hibernate Validator 6.2.0.Final
Starting SellApplication using Java 17 on DESKTOP-B6BC0A3 with PID 21832 (D:\Data\ICES\sell\target\classes started by Walker in D:\Data\ICES\sell)
No active profile set, falling back to default profiles: default
Bootstrapping Spring Data JPA repositories in DEFAULT mode.
Finished Spring Data repository scanning in 50 ms. Found 7 JPA repository interfaces.
Tomcat initialized with port(s): 8080 (http)
Loaded Apache Tomcat Native library [1.2.31] using APR version [1.7.0].
APR capabilities: IPv6 [true], sendfile [true], accept filters [false], random [true], UDS [true].
APR/OpenSSL configuration: useAprConnector [false], useOpenSSL [true]
OpenSSL successfully initialized [OpenSSL 1.1.1l  24 Aug 2021]
Initializing ProtocolHandler ["http-nio-8080"]
Starting service [Tomcat]
Starting Servlet engine: [Apache Tomcat/9.0.56]
Initializing Spring embedded WebApplicationContext
Root WebApplicationContext: initialization completed in 904 ms
HikariPool-1 - Starting...
HikariPool-1 - Start completed.
HHH000204: Processing PersistenceUnitInfo [name: default]
HHH000412: Hibernate ORM core version 5.6.4.Final
HCANN000001: Hibernate Commons Annotations {5.1.2.Final}
HHH000400: Using dialect: org.hibernate.dialect.MySQL8Dialect
HHH000490: Using JtaPlatform implementation: [org.hibernate.engine.transaction.jta.platform.internal.NoJtaPlatform]
Initialized JPA EntityManagerFactory for persistence unit 'default'
spring.jpa.open-in-view is enabled by default. Therefore, database queries may be performed during view rendering. Explicitly configure spring.jpa.open-in-view to disable this warning
Starting ProtocolHandler ["http-nio-8080"]
Tomcat started on port(s): 8080 (http) with context path '/sell'
Started SellApplication in 2.71 seconds (JVM running for 3.176)
Initializing Spring DispatcherServlet 'dispatcherServlet'
Initializing Servlet 'dispatcherServlet'
Completed initialization in 1 ms
Resolved [org.springframework.web.HttpRequestMethodNotSupportedException: Request method 'GET' not supported]
SQL Error: 1048, SQLState: 23000
HHH000010: On release of batch it still contained JDBC statements
Starting BuyerServiceImplTest using Java 17 on DESKTOP-B6BC0A3 with PID 23120 (started by Walker in D:\Data\ICES\sell)
No active profile set, falling back to default profiles: default
HV000001: Hibernate Validator 6.2.0.Final
Bootstrapping Spring Data JPA repositories in DEFAULT mode.
Finished Spring Data repository scanning in 75 ms. Found 7 JPA repository interfaces.
HikariPool-1 - Starting...
HikariPool-1 - Start completed.
HHH000204: Processing PersistenceUnitInfo [name: default]
HHH000412: Hibernate ORM core version 5.6.4.Final
HCANN000001: Hibernate Commons Annotations {5.1.2.Final}
HHH000400: Using dialect: org.hibernate.dialect.MySQL8Dialect
HHH000490: Using JtaPlatform implementation: [org.hibernate.engine.transaction.jta.platform.internal.NoJtaPlatform]
Initialized JPA EntityManagerFactory for persistence unit 'default'
spring.jpa.open-in-view is enabled by default. Therefore, database queries may be performed during view rendering. Explicitly configure spring.jpa.open-in-view to disable this warning
Started BuyerServiceImplTest in 4.65 seconds (JVM running for 5.562)
Closing JPA EntityManagerFactory for persistence unit 'default'
HikariPool-1 - Shutdown initiated...
HikariPool-1 - Shutdown completed.
Closing JPA EntityManagerFactory for persistence unit 'default'
HikariPool-1 - Shutdown initiated...
HikariPool-1 - Shutdown completed.
HV000001: Hibernate Validator 6.2.0.Final
Starting SellApplication using Java 17 on DESKTOP-B6BC0A3 with PID 21332 (D:\Data\ICES\sell\target\classes started by Walker in D:\Data\ICES\sell)
No active profile set, falling back to default profiles: default
Bootstrapping Spring Data JPA repositories in DEFAULT mode.
Finished Spring Data repository scanning in 47 ms. Found 7 JPA repository interfaces.
Tomcat initialized with port(s): 8080 (http)
Loaded Apache Tomcat Native library [1.2.31] using APR version [1.7.0].
APR capabilities: IPv6 [true], sendfile [true], accept filters [false], random [true], UDS [true].
APR/OpenSSL configuration: useAprConnector [false], useOpenSSL [true]
OpenSSL successfully initialized [OpenSSL 1.1.1l  24 Aug 2021]
Initializing ProtocolHandler ["http-nio-8080"]
Starting service [Tomcat]
Starting Servlet engine: [Apache Tomcat/9.0.56]
Initializing Spring embedded WebApplicationContext
Root WebApplicationContext: initialization completed in 920 ms
HikariPool-1 - Starting...
HikariPool-1 - Start completed.
HHH000204: Processing PersistenceUnitInfo [name: default]
HHH000412: Hibernate ORM core version 5.6.4.Final
HCANN000001: Hibernate Commons Annotations {5.1.2.Final}
HHH000400: Using dialect: org.hibernate.dialect.MySQL8Dialect
HHH000490: Using JtaPlatform implementation: [org.hibernate.engine.transaction.jta.platform.internal.NoJtaPlatform]
Initialized JPA EntityManagerFactory for persistence unit 'default'
spring.jpa.open-in-view is enabled by default. Therefore, database queries may be performed during view rendering. Explicitly configure spring.jpa.open-in-view to disable this warning
Starting ProtocolHandler ["http-nio-8080"]
Tomcat started on port(s): 8080 (http) with context path '/sell'
Started SellApplication in 2.723 seconds (JVM running for 3.209)
Initializing Spring DispatcherServlet 'dispatcherServlet'
Initializing Servlet 'dispatcherServlet'
Completed initialization in 0 ms
SQL Error: 1048, SQLState: 23000
HHH000010: On release of batch it still contained JDBC statements
Closing JPA EntityManagerFactory for persistence unit 'default'
HikariPool-1 - Shutdown initiated...
HikariPool-1 - Shutdown completed.
HV000001: Hibernate Validator 6.2.0.Final
Starting SellApplication using Java 17 on DESKTOP-B6BC0A3 with PID 24980 (D:\Data\ICES\sell\target\classes started by Walker in D:\Data\ICES\sell)
No active profile set, falling back to default profiles: default
Bootstrapping Spring Data JPA repositories in DEFAULT mode.
Finished Spring Data repository scanning in 57 ms. Found 7 JPA repository interfaces.
Tomcat initialized with port(s): 8080 (http)
Loaded Apache Tomcat Native library [1.2.31] using APR version [1.7.0].
APR capabilities: IPv6 [true], sendfile [true], accept filters [false], random [true], UDS [true].
APR/OpenSSL configuration: useAprConnector [false], useOpenSSL [true]
OpenSSL successfully initialized [OpenSSL 1.1.1l  24 Aug 2021]
Initializing ProtocolHandler ["http-nio-8080"]
Starting service [Tomcat]
Starting Servlet engine: [Apache Tomcat/9.0.56]
Initializing Spring embedded WebApplicationContext
Root WebApplicationContext: initialization completed in 1000 ms
HikariPool-1 - Starting...
HikariPool-1 - Start completed.
HHH000204: Processing PersistenceUnitInfo [name: default]
HHH000412: Hibernate ORM core version 5.6.4.Final
HCANN000001: Hibernate Commons Annotations {5.1.2.Final}
HHH000400: Using dialect: org.hibernate.dialect.MySQL8Dialect
HHH000490: Using JtaPlatform implementation: [org.hibernate.engine.transaction.jta.platform.internal.NoJtaPlatform]
Initialized JPA EntityManagerFactory for persistence unit 'default'
spring.jpa.open-in-view is enabled by default. Therefore, database queries may be performed during view rendering. Explicitly configure spring.jpa.open-in-view to disable this warning
Starting ProtocolHandler ["http-nio-8080"]
Tomcat started on port(s): 8080 (http) with context path '/sell'
Started SellApplication in 3.052 seconds (JVM running for 3.622)
Initializing Spring DispatcherServlet 'dispatcherServlet'
Initializing Servlet 'dispatcherServlet'
Completed initialization in 1 ms
HikariPool-1 - Thread starvation or clock leap detected (housekeeper delta=1m8s49ms712µs200ns).
SQL Error: 1048, SQLState: 23000
HHH000010: On release of batch it still contained JDBC statements
Starting SellApplication using Java 17 on DESKTOP-B6BC0A3 with PID 20968 (D:\Data\ICES\sell\target\classes started by Walker in D:\Data\ICES\sell)
HV000001: Hibernate Validator 6.2.0.Final
No active profile set, falling back to default profiles: default
Bootstrapping Spring Data JPA repositories in DEFAULT mode.
Finished Spring Data repository scanning in 50 ms. Found 7 JPA repository interfaces.
Tomcat initialized with port(s): 8080 (http)
Loaded Apache Tomcat Native library [1.2.31] using APR version [1.7.0].
APR capabilities: IPv6 [true], sendfile [true], accept filters [false], random [true], UDS [true].
APR/OpenSSL configuration: useAprConnector [false], useOpenSSL [true]
OpenSSL successfully initialized [OpenSSL 1.1.1l  24 Aug 2021]
Initializing ProtocolHandler ["http-nio-8080"]
Starting service [Tomcat]
Starting Servlet engine: [Apache Tomcat/9.0.56]
Initializing Spring embedded WebApplicationContext
Root WebApplicationContext: initialization completed in 927 ms
HikariPool-1 - Starting...
HikariPool-1 - Start completed.
HHH000204: Processing PersistenceUnitInfo [name: default]
HHH000412: Hibernate ORM core version 5.6.4.Final
HCANN000001: Hibernate Commons Annotations {5.1.2.Final}
HHH000400: Using dialect: org.hibernate.dialect.MySQL8Dialect
HHH000490: Using JtaPlatform implementation: [org.hibernate.engine.transaction.jta.platform.internal.NoJtaPlatform]
Initialized JPA EntityManagerFactory for persistence unit 'default'
spring.jpa.open-in-view is enabled by default. Therefore, database queries may be performed during view rendering. Explicitly configure spring.jpa.open-in-view to disable this warning
Starting ProtocolHandler ["http-nio-8080"]
Tomcat started on port(s): 8080 (http) with context path '/sell'
Started SellApplication in 2.716 seconds (JVM running for 3.174)
Initializing Spring DispatcherServlet 'dispatcherServlet'
Initializing Servlet 'dispatcherServlet'
Completed initialization in 1 ms
SQL Error: 1048, SQLState: 23000
HHH000010: On release of batch it still contained JDBC statements
Closing JPA EntityManagerFactory for persistence unit 'default'
HikariPool-1 - Shutdown initiated...
HikariPool-1 - Shutdown completed.
Starting BuyerServiceImplTest using Java 17 on DESKTOP-B6BC0A3 with PID 8464 (started by Walker in D:\Data\ICES\sell)
No active profile set, falling back to default profiles: default
HV000001: Hibernate Validator 6.2.0.Final
Bootstrapping Spring Data JPA repositories in DEFAULT mode.
Finished Spring Data repository scanning in 71 ms. Found 7 JPA repository interfaces.
HikariPool-1 - Starting...
HikariPool-1 - Start completed.
HHH000204: Processing PersistenceUnitInfo [name: default]
HHH000412: Hibernate ORM core version 5.6.4.Final
HCANN000001: Hibernate Commons Annotations {5.1.2.Final}
HHH000400: Using dialect: org.hibernate.dialect.MySQL8Dialect
HHH000490: Using JtaPlatform implementation: [org.hibernate.engine.transaction.jta.platform.internal.NoJtaPlatform]
Initialized JPA EntityManagerFactory for persistence unit 'default'
spring.jpa.open-in-view is enabled by default. Therefore, database queries may be performed during view rendering. Explicitly configure spring.jpa.open-in-view to disable this warning
Started BuyerServiceImplTest in 4.171 seconds (JVM running for 5.049)
Closing JPA EntityManagerFactory for persistence unit 'default'
HikariPool-1 - Shutdown initiated...
HikariPool-1 - Shutdown completed.
HV000001: Hibernate Validator 6.2.0.Final
Starting SellApplication using Java 17 on DESKTOP-B6BC0A3 with PID 3956 (D:\Data\ICES\sell\target\classes started by Walker in D:\Data\ICES\sell)
No active profile set, falling back to default profiles: default
Bootstrapping Spring Data JPA repositories in DEFAULT mode.
Finished Spring Data repository scanning in 53 ms. Found 7 JPA repository interfaces.
Tomcat initialized with port(s): 8080 (http)
Loaded Apache Tomcat Native library [1.2.31] using APR version [1.7.0].
APR capabilities: IPv6 [true], sendfile [true], accept filters [false], random [true], UDS [true].
APR/OpenSSL configuration: useAprConnector [false], useOpenSSL [true]
OpenSSL successfully initialized [OpenSSL 1.1.1l  24 Aug 2021]
Initializing ProtocolHandler ["http-nio-8080"]
Starting service [Tomcat]
Starting Servlet engine: [Apache Tomcat/9.0.56]
Initializing Spring embedded WebApplicationContext
Root WebApplicationContext: initialization completed in 936 ms
HikariPool-1 - Starting...
HikariPool-1 - Start completed.
HHH000204: Processing PersistenceUnitInfo [name: default]
HHH000412: Hibernate ORM core version 5.6.4.Final
HCANN000001: Hibernate Commons Annotations {5.1.2.Final}
HHH000400: Using dialect: org.hibernate.dialect.MySQL8Dialect
HHH000490: Using JtaPlatform implementation: [org.hibernate.engine.transaction.jta.platform.internal.NoJtaPlatform]
Initialized JPA EntityManagerFactory for persistence unit 'default'
spring.jpa.open-in-view is enabled by default. Therefore, database queries may be performed during view rendering. Explicitly configure spring.jpa.open-in-view to disable this warning
Starting ProtocolHandler ["http-nio-8080"]
Tomcat started on port(s): 8080 (http) with context path '/sell'
Started SellApplication in 2.788 seconds (JVM running for 3.382)
Initializing Spring DispatcherServlet 'dispatcherServlet'
Initializing Servlet 'dispatcherServlet'
Completed initialization in 1 ms
Closing JPA EntityManagerFactory for persistence unit 'default'
HikariPool-1 - Shutdown initiated...
HikariPool-1 - Shutdown completed.
