HV000001: Hibernate Validator 6.2.0.Final
Starting SellApplication using Java 17 on DESKTOP-B6BC0A3 with PID 14844 (D:\Data\ICES\sell\target\classes started by Walker in D:\Data\ICES\sell)
No active profile set, falling back to default profiles: default
Bootstrapping Spring Data JPA repositories in DEFAULT mode.
Finished Spring Data repository scanning in 45 ms. Found 4 JPA repository interfaces.
Tomcat initialized with port(s): 8080 (http)
Initializing ProtocolHandler ["http-nio-8080"]
Starting service [Tomcat]
Starting Servlet engine: [Apache Tomcat/9.0.56]
Initializing Spring embedded WebApplicationContext
Root WebApplicationContext: initialization completed in 1019 ms
HikariPool-1 - Starting...
HikariPool-1 - Start completed.
HHH000204: Processing PersistenceUnitInfo [name: default]
HHH000412: Hibernate ORM core version 5.6.4.Final
HCANN000001: Hibernate Commons Annotations {5.1.2.Final}
HHH000400: Using dialect: org.hibernate.dialect.MySQL57Dialect
HHH000490: Using JtaPlatform implementation: [org.hibernate.engine.transaction.jta.platform.internal.NoJtaPlatform]
Initialized JPA EntityManagerFactory for persistence unit 'default'
spring.jpa.open-in-view is enabled by default. Therefore, database queries may be performed during view rendering. Explicitly configure spring.jpa.open-in-view to disable this warning
Starting ProtocolHandler ["http-nio-8080"]
Tomcat started on port(s): 8080 (http) with context path '/sell'
Started SellApplication in 2.914 seconds (JVM running for 3.473)
Error parsing HTTP request header
 Note: further occurrences of HTTP request parsing errors will be logged at DEBUG level.
java.lang.IllegalArgumentException: Invalid character found in the request target [/sell/buyer/order/create?name=%E5%BC%A0%E4%B8%89&phone=18868822111&address=%E6%85%95%E8%AF%BE%E7%BD%91%E6%80%BB%E9%83%A8&openid=ew3euwhd7sjw9diwkq&items=[{productId:%20%221234568%22,productQuantity:%202}] ]. The valid characters are defined in RFC 7230 and RFC 3986
	at org.apache.coyote.http11.Http11InputBuffer.parseRequestLine(Http11InputBuffer.java:494)
	at org.apache.coyote.http11.Http11Processor.service(Http11Processor.java:269)
	at org.apache.coyote.AbstractProcessorLight.process(AbstractProcessorLight.java:65)
	at org.apache.coyote.AbstractProtocol$ConnectionHandler.process(AbstractProtocol.java:895)
	at org.apache.tomcat.util.net.NioEndpoint$SocketProcessor.doRun(NioEndpoint.java:1732)
	at org.apache.tomcat.util.net.SocketProcessorBase.run(SocketProcessorBase.java:49)
	at org.apache.tomcat.util.threads.ThreadPoolExecutor.runWorker(ThreadPoolExecutor.java:1191)
	at org.apache.tomcat.util.threads.ThreadPoolExecutor$Worker.run(ThreadPoolExecutor.java:659)
	at org.apache.tomcat.util.threads.TaskThread$WrappingRunnable.run(TaskThread.java:61)
	at java.base/java.lang.Thread.run(Thread.java:833)
Closing JPA EntityManagerFactory for persistence unit 'default'
HikariPool-1 - Shutdown initiated...
HikariPool-1 - Shutdown completed.
HV000001: Hibernate Validator 6.2.0.Final
Starting SellApplication using Java 17 on DESKTOP-B6BC0A3 with PID 15516 (D:\Data\ICES\sell\target\classes started by Walker in D:\Data\ICES\sell)
No active profile set, falling back to default profiles: default
Bootstrapping Spring Data JPA repositories in DEFAULT mode.
Finished Spring Data repository scanning in 44 ms. Found 4 JPA repository interfaces.
Tomcat initialized with port(s): 8080 (http)
Initializing ProtocolHandler ["http-nio-8080"]
Starting service [Tomcat]
Starting Servlet engine: [Apache Tomcat/9.0.56]
Initializing Spring embedded WebApplicationContext
Root WebApplicationContext: initialization completed in 963 ms
HikariPool-1 - Starting...
HikariPool-1 - Start completed.
HHH000204: Processing PersistenceUnitInfo [name: default]
HHH000412: Hibernate ORM core version 5.6.4.Final
HCANN000001: Hibernate Commons Annotations {5.1.2.Final}
HHH000400: Using dialect: org.hibernate.dialect.MySQL57Dialect
HHH000490: Using JtaPlatform implementation: [org.hibernate.engine.transaction.jta.platform.internal.NoJtaPlatform]
Initialized JPA EntityManagerFactory for persistence unit 'default'
spring.jpa.open-in-view is enabled by default. Therefore, database queries may be performed during view rendering. Explicitly configure spring.jpa.open-in-view to disable this warning
Starting ProtocolHandler ["http-nio-8080"]
Tomcat started on port(s): 8080 (http) with context path '/sell'
Started SellApplication in 2.752 seconds (JVM running for 7.124)
Closing JPA EntityManagerFactory for persistence unit 'default'
HikariPool-1 - Shutdown initiated...
HikariPool-1 - Shutdown completed.
HV000001: Hibernate Validator 6.2.0.Final
Starting SellApplication using Java 17 on DESKTOP-B6BC0A3 with PID 7108 (D:\Data\ICES\sell\target\classes started by Walker in D:\Data\ICES\sell)
No active profile set, falling back to default profiles: default
Bootstrapping Spring Data JPA repositories in DEFAULT mode.
Finished Spring Data repository scanning in 38 ms. Found 4 JPA repository interfaces.
Tomcat initialized with port(s): 8080 (http)
Initializing ProtocolHandler ["http-nio-8080"]
Starting service [Tomcat]
Starting Servlet engine: [Apache Tomcat/9.0.56]
Initializing Spring embedded WebApplicationContext
Root WebApplicationContext: initialization completed in 850 ms
HikariPool-1 - Starting...
HikariPool-1 - Start completed.
HHH000204: Processing PersistenceUnitInfo [name: default]
HHH000412: Hibernate ORM core version 5.6.4.Final
HCANN000001: Hibernate Commons Annotations {5.1.2.Final}
HHH000400: Using dialect: org.hibernate.dialect.MySQL57Dialect
HHH000490: Using JtaPlatform implementation: [org.hibernate.engine.transaction.jta.platform.internal.NoJtaPlatform]
Initialized JPA EntityManagerFactory for persistence unit 'default'
spring.jpa.open-in-view is enabled by default. Therefore, database queries may be performed during view rendering. Explicitly configure spring.jpa.open-in-view to disable this warning
Starting ProtocolHandler ["http-nio-8080"]
Tomcat started on port(s): 8080 (http) with context path '/sell'
Started SellApplication in 2.374 seconds (JVM running for 2.817)
Error parsing HTTP request header
 Note: further occurrences of HTTP request parsing errors will be logged at DEBUG level.
java.lang.IllegalArgumentException: Invalid character found in the request target [/sell/buyer/order/create?name=%E5%BC%A0%E4%B8%89&phone=18868822111&address=%E6%85%95%E8%AF%BE%E7%BD%91%E6%80%BB%E9%83%A8&openid=ew3euwhd7sjw9diwkq&items=[{productId:%20%221234568%22,productQuantity:2}] ]. The valid characters are defined in RFC 7230 and RFC 3986
	at org.apache.coyote.http11.Http11InputBuffer.parseRequestLine(Http11InputBuffer.java:494)
	at org.apache.coyote.http11.Http11Processor.service(Http11Processor.java:269)
	at org.apache.coyote.AbstractProcessorLight.process(AbstractProcessorLight.java:65)
	at org.apache.coyote.AbstractProtocol$ConnectionHandler.process(AbstractProtocol.java:895)
	at org.apache.tomcat.util.net.NioEndpoint$SocketProcessor.doRun(NioEndpoint.java:1732)
	at org.apache.tomcat.util.net.SocketProcessorBase.run(SocketProcessorBase.java:49)
	at org.apache.tomcat.util.threads.ThreadPoolExecutor.runWorker(ThreadPoolExecutor.java:1191)
	at org.apache.tomcat.util.threads.ThreadPoolExecutor$Worker.run(ThreadPoolExecutor.java:659)
	at org.apache.tomcat.util.threads.TaskThread$WrappingRunnable.run(TaskThread.java:61)
	at java.base/java.lang.Thread.run(Thread.java:833)
Closing JPA EntityManagerFactory for persistence unit 'default'
HikariPool-1 - Shutdown initiated...
HikariPool-1 - Shutdown completed.
HV000001: Hibernate Validator 6.2.0.Final
Starting SellApplication using Java 17 on DESKTOP-B6BC0A3 with PID 13620 (D:\Data\ICES\sell\target\classes started by Walker in D:\Data\ICES\sell)
No active profile set, falling back to default profiles: default
Bootstrapping Spring Data JPA repositories in DEFAULT mode.
Finished Spring Data repository scanning in 38 ms. Found 4 JPA repository interfaces.
Tomcat initialized with port(s): 8080 (http)
Initializing ProtocolHandler ["http-nio-8080"]
Starting service [Tomcat]
Starting Servlet engine: [Apache Tomcat/9.0.56]
Initializing Spring embedded WebApplicationContext
Root WebApplicationContext: initialization completed in 870 ms
HikariPool-1 - Starting...
HikariPool-1 - Start completed.
HHH000204: Processing PersistenceUnitInfo [name: default]
HHH000412: Hibernate ORM core version 5.6.4.Final
HCANN000001: Hibernate Commons Annotations {5.1.2.Final}
HHH000400: Using dialect: org.hibernate.dialect.MySQL57Dialect
HHH000490: Using JtaPlatform implementation: [org.hibernate.engine.transaction.jta.platform.internal.NoJtaPlatform]
Initialized JPA EntityManagerFactory for persistence unit 'default'
spring.jpa.open-in-view is enabled by default. Therefore, database queries may be performed during view rendering. Explicitly configure spring.jpa.open-in-view to disable this warning
Starting ProtocolHandler ["http-nio-8080"]
Tomcat started on port(s): 8080 (http) with context path '/sell'
Started SellApplication in 2.51 seconds (JVM running for 3.092)
Error parsing HTTP request header
 Note: further occurrences of HTTP request parsing errors will be logged at DEBUG level.
java.lang.IllegalArgumentException: Invalid character found in the request target [/sell/buyer/order/create?name=%E5%BC%A0%E4%B8%89&phone=18868822111&address=%E6%85%95%E8%AF%BE%E7%BD%91%E6%80%BB%E9%83%A8&openid=ew3euwhd7sjw9diwkq&items=[{productId:%20%221234568%22,productQuantity:2}] ]. The valid characters are defined in RFC 7230 and RFC 3986
	at org.apache.coyote.http11.Http11InputBuffer.parseRequestLine(Http11InputBuffer.java:494)
	at org.apache.coyote.http11.Http11Processor.service(Http11Processor.java:269)
	at org.apache.coyote.AbstractProcessorLight.process(AbstractProcessorLight.java:65)
	at org.apache.coyote.AbstractProtocol$ConnectionHandler.process(AbstractProtocol.java:895)
	at org.apache.tomcat.util.net.NioEndpoint$SocketProcessor.doRun(NioEndpoint.java:1732)
	at org.apache.tomcat.util.net.SocketProcessorBase.run(SocketProcessorBase.java:49)
	at org.apache.tomcat.util.threads.ThreadPoolExecutor.runWorker(ThreadPoolExecutor.java:1191)
	at org.apache.tomcat.util.threads.ThreadPoolExecutor$Worker.run(ThreadPoolExecutor.java:659)
	at org.apache.tomcat.util.threads.TaskThread$WrappingRunnable.run(TaskThread.java:61)
	at java.base/java.lang.Thread.run(Thread.java:833)
Closing JPA EntityManagerFactory for persistence unit 'default'
HikariPool-1 - Shutdown initiated...
HikariPool-1 - Shutdown completed.
HV000001: Hibernate Validator 6.2.0.Final
Starting SellApplication using Java 17 on DESKTOP-B6BC0A3 with PID 17312 (D:\Data\ICES\sell\target\classes started by Walker in D:\Data\ICES\sell)
No active profile set, falling back to default profiles: default
Bootstrapping Spring Data JPA repositories in DEFAULT mode.
Finished Spring Data repository scanning in 47 ms. Found 4 JPA repository interfaces.
Tomcat initialized with port(s): 8080 (http)
Initializing ProtocolHandler ["http-nio-8080"]
Starting service [Tomcat]
Starting Servlet engine: [Apache Tomcat/9.0.56]
Initializing Spring embedded WebApplicationContext
Root WebApplicationContext: initialization completed in 896 ms
HikariPool-1 - Starting...
HikariPool-1 - Start completed.
HHH000204: Processing PersistenceUnitInfo [name: default]
HHH000412: Hibernate ORM core version 5.6.4.Final
HCANN000001: Hibernate Commons Annotations {5.1.2.Final}
HHH000400: Using dialect: org.hibernate.dialect.MySQL57Dialect
HHH000490: Using JtaPlatform implementation: [org.hibernate.engine.transaction.jta.platform.internal.NoJtaPlatform]
Initialized JPA EntityManagerFactory for persistence unit 'default'
spring.jpa.open-in-view is enabled by default. Therefore, database queries may be performed during view rendering. Explicitly configure spring.jpa.open-in-view to disable this warning
Starting ProtocolHandler ["http-nio-8080"]
Tomcat started on port(s): 8080 (http) with context path '/sell'
Started SellApplication in 2.451 seconds (JVM running for 2.933)
Error parsing HTTP request header
 Note: further occurrences of HTTP request parsing errors will be logged at DEBUG level.
java.lang.IllegalArgumentException: Invalid character found in the request target [/sell/buyer/order/create?name=%E5%BC%A0%E4%B8%89&phone=18868822111&address=%E6%85%95%E8%AF%BE%E7%BD%91%E6%80%BB%E9%83%A8&openid=ew3euwhd7sjw9diwkq&items=[{productId:%20%221234568%22,productQuantity:2}] ]. The valid characters are defined in RFC 7230 and RFC 3986
	at org.apache.coyote.http11.Http11InputBuffer.parseRequestLine(Http11InputBuffer.java:494)
	at org.apache.coyote.http11.Http11Processor.service(Http11Processor.java:269)
	at org.apache.coyote.AbstractProcessorLight.process(AbstractProcessorLight.java:65)
	at org.apache.coyote.AbstractProtocol$ConnectionHandler.process(AbstractProtocol.java:895)
	at org.apache.tomcat.util.net.NioEndpoint$SocketProcessor.doRun(NioEndpoint.java:1732)
	at org.apache.tomcat.util.net.SocketProcessorBase.run(SocketProcessorBase.java:49)
	at org.apache.tomcat.util.threads.ThreadPoolExecutor.runWorker(ThreadPoolExecutor.java:1191)
	at org.apache.tomcat.util.threads.ThreadPoolExecutor$Worker.run(ThreadPoolExecutor.java:659)
	at org.apache.tomcat.util.threads.TaskThread$WrappingRunnable.run(TaskThread.java:61)
	at java.base/java.lang.Thread.run(Thread.java:833)
Closing JPA EntityManagerFactory for persistence unit 'default'
HikariPool-1 - Shutdown initiated...
HikariPool-1 - Shutdown completed.
HV000001: Hibernate Validator 6.2.0.Final
Starting SellApplication using Java 17 on DESKTOP-B6BC0A3 with PID 15008 (D:\Data\ICES\sell\target\classes started by Walker in D:\Data\ICES\sell)
No active profile set, falling back to default profiles: default
Bootstrapping Spring Data JPA repositories in DEFAULT mode.
Finished Spring Data repository scanning in 41 ms. Found 4 JPA repository interfaces.
Tomcat initialized with port(s): 8080 (http)
Loaded Apache Tomcat Native library [1.2.31] using APR version [1.7.0].
APR capabilities: IPv6 [true], sendfile [true], accept filters [false], random [true], UDS [true].
APR/OpenSSL configuration: useAprConnector [false], useOpenSSL [true]
OpenSSL successfully initialized [OpenSSL 1.1.1l  24 Aug 2021]
Initializing ProtocolHandler ["http-nio-8080"]
Starting service [Tomcat]
Starting Servlet engine: [Apache Tomcat/9.0.56]
Initializing Spring embedded WebApplicationContext
Root WebApplicationContext: initialization completed in 892 ms
HikariPool-1 - Starting...
HHH000204: Processing PersistenceUnitInfo [name: default]
HHH000412: Hibernate ORM core version 5.6.4.Final
HCANN000001: Hibernate Commons Annotations {5.1.2.Final}
HikariPool-1 - Starting...
HHH000342: Could not obtain connection to query metadata
com.mysql.cj.jdbc.exceptions.CommunicationsException: Communications link failure

The last packet sent successfully to the server was 0 milliseconds ago. The driver has not received any packets from the server.
	at com.mysql.cj.jdbc.exceptions.SQLError.createCommunicationsException(SQLError.java:174)
	at com.mysql.cj.jdbc.exceptions.SQLExceptionsMapping.translateException(SQLExceptionsMapping.java:64)
	at com.mysql.cj.jdbc.ConnectionImpl.createNewIO(ConnectionImpl.java:828)
	at com.mysql.cj.jdbc.ConnectionImpl.<init>(ConnectionImpl.java:448)
	at com.mysql.cj.jdbc.ConnectionImpl.getInstance(ConnectionImpl.java:241)
	at com.mysql.cj.jdbc.NonRegisteringDriver.connect(NonRegisteringDriver.java:198)
	at com.zaxxer.hikari.util.DriverDataSource.getConnection(DriverDataSource.java:138)
	at com.zaxxer.hikari.pool.PoolBase.newConnection(PoolBase.java:364)
	at com.zaxxer.hikari.pool.PoolBase.newPoolEntry(PoolBase.java:206)
	at com.zaxxer.hikari.pool.HikariPool.createPoolEntry(HikariPool.java:476)
	at com.zaxxer.hikari.pool.HikariPool.checkFailFast(HikariPool.java:561)
	at com.zaxxer.hikari.pool.HikariPool.<init>(HikariPool.java:115)
	at com.zaxxer.hikari.HikariDataSource.getConnection(HikariDataSource.java:112)
	at org.hibernate.engine.jdbc.connections.internal.DatasourceConnectionProviderImpl.getConnection(DatasourceConnectionProviderImpl.java:122)
	at org.hibernate.engine.jdbc.env.internal.JdbcEnvironmentInitiator$ConnectionProviderJdbcConnectionAccess.obtainConnection(JdbcEnvironmentInitiator.java:181)
	at org.hibernate.engine.jdbc.env.internal.JdbcEnvironmentInitiator.initiateService(JdbcEnvironmentInitiator.java:68)
	at org.hibernate.engine.jdbc.env.internal.JdbcEnvironmentInitiator.initiateService(JdbcEnvironmentInitiator.java:35)
	at org.hibernate.boot.registry.internal.StandardServiceRegistryImpl.initiateService(StandardServiceRegistryImpl.java:101)
	at org.hibernate.service.internal.AbstractServiceRegistryImpl.createService(AbstractServiceRegistryImpl.java:263)
	at org.hibernate.service.internal.AbstractServiceRegistryImpl.initializeService(AbstractServiceRegistryImpl.java:237)
	at org.hibernate.service.internal.AbstractServiceRegistryImpl.getService(AbstractServiceRegistryImpl.java:214)
	at org.hibernate.id.factory.internal.DefaultIdentifierGeneratorFactory.injectServices(DefaultIdentifierGeneratorFactory.java:175)
	at org.hibernate.service.internal.AbstractServiceRegistryImpl.injectDependencies(AbstractServiceRegistryImpl.java:286)
	at org.hibernate.service.internal.AbstractServiceRegistryImpl.initializeService(AbstractServiceRegistryImpl.java:243)
	at org.hibernate.service.internal.AbstractServiceRegistryImpl.getService(AbstractServiceRegistryImpl.java:214)
	at org.hibernate.boot.internal.InFlightMetadataCollectorImpl.<init>(InFlightMetadataCollectorImpl.java:173)
	at org.hibernate.boot.model.process.spi.MetadataBuildingProcess.complete(MetadataBuildingProcess.java:127)
	at org.hibernate.jpa.boot.internal.EntityManagerFactoryBuilderImpl.metadata(EntityManagerFactoryBuilderImpl.java:1460)
	at org.hibernate.jpa.boot.internal.EntityManagerFactoryBuilderImpl.build(EntityManagerFactoryBuilderImpl.java:1494)
	at org.springframework.orm.jpa.vendor.SpringHibernateJpaPersistenceProvider.createContainerEntityManagerFactory(SpringHibernateJpaPersistenceProvider.java:58)
	at org.springframework.orm.jpa.LocalContainerEntityManagerFactoryBean.createNativeEntityManagerFactory(LocalContainerEntityManagerFactoryBean.java:365)
	at org.springframework.orm.jpa.AbstractEntityManagerFactoryBean.buildNativeEntityManagerFactory(AbstractEntityManagerFactoryBean.java:409)
	at org.springframework.orm.jpa.AbstractEntityManagerFactoryBean.afterPropertiesSet(AbstractEntityManagerFactoryBean.java:396)
	at org.springframework.orm.jpa.LocalContainerEntityManagerFactoryBean.afterPropertiesSet(LocalContainerEntityManagerFactoryBean.java:341)
	at org.springframework.beans.factory.support.AbstractAutowireCapableBeanFactory.invokeInitMethods(AbstractAutowireCapableBeanFactory.java:1863)
	at org.springframework.beans.factory.support.AbstractAutowireCapableBeanFactory.initializeBean(AbstractAutowireCapableBeanFactory.java:1800)
	at org.springframework.beans.factory.support.AbstractAutowireCapableBeanFactory.doCreateBean(AbstractAutowireCapableBeanFactory.java:620)
	at org.springframework.beans.factory.support.AbstractAutowireCapableBeanFactory.createBean(AbstractAutowireCapableBeanFactory.java:542)
	at org.springframework.beans.factory.support.AbstractBeanFactory.lambda$doGetBean$0(AbstractBeanFactory.java:335)
	at org.springframework.beans.factory.support.DefaultSingletonBeanRegistry.getSingleton(DefaultSingletonBeanRegistry.java:234)
	at org.springframework.beans.factory.support.AbstractBeanFactory.doGetBean(AbstractBeanFactory.java:333)
	at org.springframework.beans.factory.support.AbstractBeanFactory.getBean(AbstractBeanFactory.java:208)
	at org.springframework.context.support.AbstractApplicationContext.getBean(AbstractApplicationContext.java:1154)
	at org.springframework.context.support.AbstractApplicationContext.finishBeanFactoryInitialization(AbstractApplicationContext.java:908)
	at org.springframework.context.support.AbstractApplicationContext.refresh(AbstractApplicationContext.java:583)
	at org.springframework.boot.web.servlet.context.ServletWebServerApplicationContext.refresh(ServletWebServerApplicationContext.java:145)
	at org.springframework.boot.SpringApplication.refresh(SpringApplication.java:732)
	at org.springframework.boot.SpringApplication.refreshContext(SpringApplication.java:414)
	at org.springframework.boot.SpringApplication.run(SpringApplication.java:302)
	at org.springframework.boot.SpringApplication.run(SpringApplication.java:1303)
	at org.springframework.boot.SpringApplication.run(SpringApplication.java:1292)
	at com.liyt.sell.SellApplication.main(SellApplication.java:10)
Caused by: com.mysql.cj.exceptions.CJCommunicationsException: Communications link failure

The last packet sent successfully to the server was 0 milliseconds ago. The driver has not received any packets from the server.
	at java.base/jdk.internal.reflect.NativeConstructorAccessorImpl.newInstance0(Native Method)
	at java.base/jdk.internal.reflect.NativeConstructorAccessorImpl.newInstance(NativeConstructorAccessorImpl.java:77)
	at java.base/jdk.internal.reflect.DelegatingConstructorAccessorImpl.newInstance(DelegatingConstructorAccessorImpl.java:45)
	at java.base/java.lang.reflect.Constructor.newInstanceWithCaller(Constructor.java:499)
	at java.base/java.lang.reflect.Constructor.newInstance(Constructor.java:480)
	at com.mysql.cj.exceptions.ExceptionFactory.createException(ExceptionFactory.java:61)
	at com.mysql.cj.exceptions.ExceptionFactory.createException(ExceptionFactory.java:105)
	at com.mysql.cj.exceptions.ExceptionFactory.createException(ExceptionFactory.java:151)
	at com.mysql.cj.exceptions.ExceptionFactory.createCommunicationsException(ExceptionFactory.java:167)
	at com.mysql.cj.protocol.a.NativeSocketConnection.connect(NativeSocketConnection.java:89)
	at com.mysql.cj.NativeSession.connect(NativeSession.java:120)
	at com.mysql.cj.jdbc.ConnectionImpl.connectOneTryOnly(ConnectionImpl.java:948)
	at com.mysql.cj.jdbc.ConnectionImpl.createNewIO(ConnectionImpl.java:818)
	... 49 common frames omitted
Caused by: java.net.ConnectException: Connection timed out: no further information
	at java.base/sun.nio.ch.Net.pollConnect(Native Method)
	at java.base/sun.nio.ch.Net.pollConnectNow(Net.java:672)
	at java.base/sun.nio.ch.NioSocketImpl.timedFinishConnect(NioSocketImpl.java:549)
	at java.base/sun.nio.ch.NioSocketImpl.connect(NioSocketImpl.java:597)
	at java.base/java.net.SocksSocketImpl.connect(SocksSocketImpl.java:327)
	at java.base/java.net.Socket.connect(Socket.java:633)
	at com.mysql.cj.protocol.StandardSocketFactory.connect(StandardSocketFactory.java:156)
	at com.mysql.cj.protocol.a.NativeSocketConnection.connect(NativeSocketConnection.java:63)
	... 52 common frames omitted
Exception encountered during context initialization - cancelling refresh attempt: org.springframework.beans.factory.BeanCreationException: Error creating bean with name 'entityManagerFactory' defined in class path resource [org/springframework/boot/autoconfigure/orm/jpa/HibernateJpaConfiguration.class]: Invocation of init method failed; nested exception is org.hibernate.service.spi.ServiceException: Unable to create requested service [org.hibernate.engine.jdbc.env.spi.JdbcEnvironment]
Starting SellApplication using Java 17 on DESKTOP-B6BC0A3 with PID 17264 (D:\Data\ICES\sell\target\classes started by Walker in D:\Data\ICES\sell)
HV000001: Hibernate Validator 6.2.0.Final
No active profile set, falling back to default profiles: default
Bootstrapping Spring Data JPA repositories in DEFAULT mode.
Finished Spring Data repository scanning in 38 ms. Found 4 JPA repository interfaces.
Tomcat initialized with port(s): 8080 (http)
Loaded Apache Tomcat Native library [1.2.31] using APR version [1.7.0].
APR capabilities: IPv6 [true], sendfile [true], accept filters [false], random [true], UDS [true].
APR/OpenSSL configuration: useAprConnector [false], useOpenSSL [true]
OpenSSL successfully initialized [OpenSSL 1.1.1l  24 Aug 2021]
Initializing ProtocolHandler ["http-nio-8080"]
Starting service [Tomcat]
Starting Servlet engine: [Apache Tomcat/9.0.56]
Initializing Spring embedded WebApplicationContext
Root WebApplicationContext: initialization completed in 875 ms
HikariPool-1 - Starting...
HikariPool-1 - Start completed.
HHH000204: Processing PersistenceUnitInfo [name: default]
HHH000412: Hibernate ORM core version 5.6.4.Final
HCANN000001: Hibernate Commons Annotations {5.1.2.Final}
HHH000400: Using dialect: org.hibernate.dialect.MySQL57Dialect
HHH000490: Using JtaPlatform implementation: [org.hibernate.engine.transaction.jta.platform.internal.NoJtaPlatform]
Initialized JPA EntityManagerFactory for persistence unit 'default'
spring.jpa.open-in-view is enabled by default. Therefore, database queries may be performed during view rendering. Explicitly configure spring.jpa.open-in-view to disable this warning
Starting ProtocolHandler ["http-nio-8080"]
Tomcat started on port(s): 8080 (http) with context path '/sell'
Started SellApplication in 2.437 seconds (JVM running for 2.914)
Error parsing HTTP request header
 Note: further occurrences of HTTP request parsing errors will be logged at DEBUG level.
java.lang.IllegalArgumentException: Invalid character found in the request target [/sell/buyer/order/create?name=%E5%BC%A0%E4%B8%89&phone=18868822111&address=%E6%85%95%E8%AF%BE%E7%BD%91%E6%80%BB%E9%83%A8&openid=ew3euwhd7sjw9diwkq&items=[{productId:%20%221234568%22,productQuantity:2}] ]. The valid characters are defined in RFC 7230 and RFC 3986
	at org.apache.coyote.http11.Http11InputBuffer.parseRequestLine(Http11InputBuffer.java:494)
	at org.apache.coyote.http11.Http11Processor.service(Http11Processor.java:269)
	at org.apache.coyote.AbstractProcessorLight.process(AbstractProcessorLight.java:65)
	at org.apache.coyote.AbstractProtocol$ConnectionHandler.process(AbstractProtocol.java:895)
	at org.apache.tomcat.util.net.NioEndpoint$SocketProcessor.doRun(NioEndpoint.java:1732)
	at org.apache.tomcat.util.net.SocketProcessorBase.run(SocketProcessorBase.java:49)
	at org.apache.tomcat.util.threads.ThreadPoolExecutor.runWorker(ThreadPoolExecutor.java:1191)
	at org.apache.tomcat.util.threads.ThreadPoolExecutor$Worker.run(ThreadPoolExecutor.java:659)
	at org.apache.tomcat.util.threads.TaskThread$WrappingRunnable.run(TaskThread.java:61)
	at java.base/java.lang.Thread.run(Thread.java:833)
Closing JPA EntityManagerFactory for persistence unit 'default'
HikariPool-1 - Shutdown initiated...
HikariPool-1 - Shutdown completed.
HV000001: Hibernate Validator 6.2.0.Final
Starting SellApplication using Java 17 on DESKTOP-B6BC0A3 with PID 4984 (D:\Data\ICES\sell\target\classes started by Walker in D:\Data\ICES\sell)
No active profile set, falling back to default profiles: default
Bootstrapping Spring Data JPA repositories in DEFAULT mode.
Finished Spring Data repository scanning in 48 ms. Found 4 JPA repository interfaces.
Tomcat initialized with port(s): 8080 (http)
Loaded Apache Tomcat Native library [1.2.31] using APR version [1.7.0].
APR capabilities: IPv6 [true], sendfile [true], accept filters [false], random [true], UDS [true].
APR/OpenSSL configuration: useAprConnector [false], useOpenSSL [true]
OpenSSL successfully initialized [OpenSSL 1.1.1l  24 Aug 2021]
Initializing ProtocolHandler ["http-nio-8080"]
Starting service [Tomcat]
Starting Servlet engine: [Apache Tomcat/9.0.56]
Initializing Spring embedded WebApplicationContext
Root WebApplicationContext: initialization completed in 895 ms
HikariPool-1 - Starting...
HikariPool-1 - Start completed.
HHH000204: Processing PersistenceUnitInfo [name: default]
HHH000412: Hibernate ORM core version 5.6.4.Final
HCANN000001: Hibernate Commons Annotations {5.1.2.Final}
HHH000400: Using dialect: org.hibernate.dialect.MySQL57Dialect
HHH000490: Using JtaPlatform implementation: [org.hibernate.engine.transaction.jta.platform.internal.NoJtaPlatform]
Initialized JPA EntityManagerFactory for persistence unit 'default'
spring.jpa.open-in-view is enabled by default. Therefore, database queries may be performed during view rendering. Explicitly configure spring.jpa.open-in-view to disable this warning
Starting ProtocolHandler ["http-nio-8080"]
Tomcat started on port(s): 8080 (http) with context path '/sell'
Started SellApplication in 2.465 seconds (JVM running for 2.934)
Error parsing HTTP request header
 Note: further occurrences of HTTP request parsing errors will be logged at DEBUG level.
java.lang.IllegalArgumentException: Invalid character found in the request target [/sell/buyer/order/create?name=%E5%BC%A0%E4%B8%89&phone=18868822111&address=%E6%85%95%E8%AF%BE%E7%BD%91%E6%80%BB%E9%83%A8&openid=ew3euwhd7sjw9diwkq&items=[{productId:%20%221234568%22,productQuantity:2}] ]. The valid characters are defined in RFC 7230 and RFC 3986
	at org.apache.coyote.http11.Http11InputBuffer.parseRequestLine(Http11InputBuffer.java:494)
	at org.apache.coyote.http11.Http11Processor.service(Http11Processor.java:269)
	at org.apache.coyote.AbstractProcessorLight.process(AbstractProcessorLight.java:65)
	at org.apache.coyote.AbstractProtocol$ConnectionHandler.process(AbstractProtocol.java:895)
	at org.apache.tomcat.util.net.NioEndpoint$SocketProcessor.doRun(NioEndpoint.java:1732)
	at org.apache.tomcat.util.net.SocketProcessorBase.run(SocketProcessorBase.java:49)
	at org.apache.tomcat.util.threads.ThreadPoolExecutor.runWorker(ThreadPoolExecutor.java:1191)
	at org.apache.tomcat.util.threads.ThreadPoolExecutor$Worker.run(ThreadPoolExecutor.java:659)
	at org.apache.tomcat.util.threads.TaskThread$WrappingRunnable.run(TaskThread.java:61)
	at java.base/java.lang.Thread.run(Thread.java:833)
Closing JPA EntityManagerFactory for persistence unit 'default'
HikariPool-1 - Shutdown initiated...
HikariPool-1 - Shutdown completed.
HV000001: Hibernate Validator 6.2.0.Final
Starting SellApplication using Java 17 on DESKTOP-B6BC0A3 with PID 14716 (D:\Data\ICES\sell\target\classes started by Walker in D:\Data\ICES\sell)
No active profile set, falling back to default profiles: default
Bootstrapping Spring Data JPA repositories in DEFAULT mode.
Finished Spring Data repository scanning in 37 ms. Found 4 JPA repository interfaces.
Tomcat initialized with port(s): 8080 (http)
Loaded Apache Tomcat Native library [1.2.31] using APR version [1.7.0].
APR capabilities: IPv6 [true], sendfile [true], accept filters [false], random [true], UDS [true].
APR/OpenSSL configuration: useAprConnector [false], useOpenSSL [true]
OpenSSL successfully initialized [OpenSSL 1.1.1l  24 Aug 2021]
Initializing ProtocolHandler ["http-nio-8080"]
Starting service [Tomcat]
Starting Servlet engine: [Apache Tomcat/9.0.56]
Initializing Spring embedded WebApplicationContext
Root WebApplicationContext: initialization completed in 842 ms
HikariPool-1 - Starting...
HikariPool-1 - Start completed.
HHH000204: Processing PersistenceUnitInfo [name: default]
HHH000412: Hibernate ORM core version 5.6.4.Final
HCANN000001: Hibernate Commons Annotations {5.1.2.Final}
HHH000400: Using dialect: org.hibernate.dialect.MySQL57Dialect
HHH000490: Using JtaPlatform implementation: [org.hibernate.engine.transaction.jta.platform.internal.NoJtaPlatform]
Initialized JPA EntityManagerFactory for persistence unit 'default'
spring.jpa.open-in-view is enabled by default. Therefore, database queries may be performed during view rendering. Explicitly configure spring.jpa.open-in-view to disable this warning
Starting ProtocolHandler ["http-nio-8080"]
Tomcat started on port(s): 8080 (http) with context path '/sell'
Started SellApplication in 2.403 seconds (JVM running for 2.833)
Initializing Spring DispatcherServlet 'dispatcherServlet'
Initializing Servlet 'dispatcherServlet'
Completed initialization in 0 ms
SQL Error: 1048, SQLState: 23000
HHH000010: On release of batch it still contained JDBC statements
SQL Error: 1048, SQLState: 23000
HHH000010: On release of batch it still contained JDBC statements
Closing JPA EntityManagerFactory for persistence unit 'default'
HikariPool-1 - Shutdown initiated...
HikariPool-1 - Shutdown completed.
HV000001: Hibernate Validator 6.2.0.Final
Starting SellApplication using Java 17 on DESKTOP-B6BC0A3 with PID 18236 (D:\Data\ICES\sell\target\classes started by Walker in D:\Data\ICES\sell)
No active profile set, falling back to default profiles: default
Bootstrapping Spring Data JPA repositories in DEFAULT mode.
Finished Spring Data repository scanning in 39 ms. Found 4 JPA repository interfaces.
Tomcat initialized with port(s): 8080 (http)
Loaded Apache Tomcat Native library [1.2.31] using APR version [1.7.0].
APR capabilities: IPv6 [true], sendfile [true], accept filters [false], random [true], UDS [true].
APR/OpenSSL configuration: useAprConnector [false], useOpenSSL [true]
OpenSSL successfully initialized [OpenSSL 1.1.1l  24 Aug 2021]
Initializing ProtocolHandler ["http-nio-8080"]
Starting service [Tomcat]
Starting Servlet engine: [Apache Tomcat/9.0.56]
Initializing Spring embedded WebApplicationContext
Root WebApplicationContext: initialization completed in 862 ms
HikariPool-1 - Starting...
HikariPool-1 - Start completed.
HHH000204: Processing PersistenceUnitInfo [name: default]
HHH000412: Hibernate ORM core version 5.6.4.Final
HCANN000001: Hibernate Commons Annotations {5.1.2.Final}
HHH000400: Using dialect: org.hibernate.dialect.MySQL57Dialect
HHH000490: Using JtaPlatform implementation: [org.hibernate.engine.transaction.jta.platform.internal.NoJtaPlatform]
Initialized JPA EntityManagerFactory for persistence unit 'default'
spring.jpa.open-in-view is enabled by default. Therefore, database queries may be performed during view rendering. Explicitly configure spring.jpa.open-in-view to disable this warning
Starting ProtocolHandler ["http-nio-8080"]
Tomcat started on port(s): 8080 (http) with context path '/sell'
Started SellApplication in 2.383 seconds (JVM running for 2.934)
Initializing Spring DispatcherServlet 'dispatcherServlet'
Initializing Servlet 'dispatcherServlet'
Completed initialization in 1 ms
SQL Error: 1048, SQLState: 23000
HHH000010: On release of batch it still contained JDBC statements
Closing JPA EntityManagerFactory for persistence unit 'default'
HikariPool-1 - Shutdown initiated...
HikariPool-1 - Shutdown completed.
HV000001: Hibernate Validator 6.2.0.Final
Starting SellApplication using Java 17 on DESKTOP-B6BC0A3 with PID 16228 (D:\Data\ICES\sell\target\classes started by Walker in D:\Data\ICES\sell)
No active profile set, falling back to default profiles: default
Bootstrapping Spring Data JPA repositories in DEFAULT mode.
Finished Spring Data repository scanning in 44 ms. Found 4 JPA repository interfaces.
Tomcat initialized with port(s): 8080 (http)
Loaded Apache Tomcat Native library [1.2.31] using APR version [1.7.0].
APR capabilities: IPv6 [true], sendfile [true], accept filters [false], random [true], UDS [true].
APR/OpenSSL configuration: useAprConnector [false], useOpenSSL [true]
OpenSSL successfully initialized [OpenSSL 1.1.1l  24 Aug 2021]
Initializing ProtocolHandler ["http-nio-8080"]
Starting service [Tomcat]
Starting Servlet engine: [Apache Tomcat/9.0.56]
Initializing Spring embedded WebApplicationContext
Root WebApplicationContext: initialization completed in 986 ms
HikariPool-1 - Starting...
HikariPool-1 - Start completed.
HHH000204: Processing PersistenceUnitInfo [name: default]
HHH000412: Hibernate ORM core version 5.6.4.Final
HCANN000001: Hibernate Commons Annotations {5.1.2.Final}
HHH000400: Using dialect: org.hibernate.dialect.MySQL57Dialect
HHH000490: Using JtaPlatform implementation: [org.hibernate.engine.transaction.jta.platform.internal.NoJtaPlatform]
Initialized JPA EntityManagerFactory for persistence unit 'default'
spring.jpa.open-in-view is enabled by default. Therefore, database queries may be performed during view rendering. Explicitly configure spring.jpa.open-in-view to disable this warning
Starting ProtocolHandler ["http-nio-8080"]
Tomcat started on port(s): 8080 (http) with context path '/sell'
Started SellApplication in 2.727 seconds (JVM running for 12.878)
Initializing Spring DispatcherServlet 'dispatcherServlet'
Initializing Servlet 'dispatcherServlet'
Completed initialization in 1 ms
SQL Error: 1048, SQLState: 23000
HHH000010: On release of batch it still contained JDBC statements
Closing JPA EntityManagerFactory for persistence unit 'default'
HikariPool-1 - Shutdown initiated...
HikariPool-1 - Shutdown completed.
HV000001: Hibernate Validator 6.2.0.Final
Starting SellApplication using Java 17 on DESKTOP-B6BC0A3 with PID 1472 (D:\Data\ICES\sell\target\classes started by Walker in D:\Data\ICES\sell)
No active profile set, falling back to default profiles: default
Bootstrapping Spring Data JPA repositories in DEFAULT mode.
Finished Spring Data repository scanning in 44 ms. Found 4 JPA repository interfaces.
Tomcat initialized with port(s): 8080 (http)
Loaded Apache Tomcat Native library [1.2.31] using APR version [1.7.0].
APR capabilities: IPv6 [true], sendfile [true], accept filters [false], random [true], UDS [true].
APR/OpenSSL configuration: useAprConnector [false], useOpenSSL [true]
OpenSSL successfully initialized [OpenSSL 1.1.1l  24 Aug 2021]
Initializing ProtocolHandler ["http-nio-8080"]
Starting service [Tomcat]
Starting Servlet engine: [Apache Tomcat/9.0.56]
Initializing Spring embedded WebApplicationContext
Root WebApplicationContext: initialization completed in 951 ms
HikariPool-1 - Starting...
HikariPool-1 - Start completed.
HHH000204: Processing PersistenceUnitInfo [name: default]
HHH000412: Hibernate ORM core version 5.6.4.Final
HCANN000001: Hibernate Commons Annotations {5.1.2.Final}
HHH000400: Using dialect: org.hibernate.dialect.MySQL57Dialect
HHH000490: Using JtaPlatform implementation: [org.hibernate.engine.transaction.jta.platform.internal.NoJtaPlatform]
Initialized JPA EntityManagerFactory for persistence unit 'default'
spring.jpa.open-in-view is enabled by default. Therefore, database queries may be performed during view rendering. Explicitly configure spring.jpa.open-in-view to disable this warning
Starting ProtocolHandler ["http-nio-8080"]
Tomcat started on port(s): 8080 (http) with context path '/sell'
Started SellApplication in 2.651 seconds (JVM running for 559.457)
Initializing Spring DispatcherServlet 'dispatcherServlet'
Initializing Servlet 'dispatcherServlet'
Completed initialization in 0 ms
SQL Error: 1048, SQLState: 23000
HHH000010: On release of batch it still contained JDBC statements
Closing JPA EntityManagerFactory for persistence unit 'default'
HikariPool-1 - Shutdown initiated...
HikariPool-1 - Shutdown completed.
HV000001: Hibernate Validator 6.2.0.Final
Starting SellApplication using Java 17 on DESKTOP-B6BC0A3 with PID 19048 (D:\Data\ICES\sell\target\classes started by Walker in D:\Data\ICES\sell)
No active profile set, falling back to default profiles: default
Bootstrapping Spring Data JPA repositories in DEFAULT mode.
Finished Spring Data repository scanning in 47 ms. Found 4 JPA repository interfaces.
Tomcat initialized with port(s): 8080 (http)
Loaded Apache Tomcat Native library [1.2.31] using APR version [1.7.0].
APR capabilities: IPv6 [true], sendfile [true], accept filters [false], random [true], UDS [true].
APR/OpenSSL configuration: useAprConnector [false], useOpenSSL [true]
OpenSSL successfully initialized [OpenSSL 1.1.1l  24 Aug 2021]
Initializing ProtocolHandler ["http-nio-8080"]
Starting service [Tomcat]
Starting Servlet engine: [Apache Tomcat/9.0.56]
Initializing Spring embedded WebApplicationContext
Root WebApplicationContext: initialization completed in 986 ms
HikariPool-1 - Starting...
HikariPool-1 - Start completed.
HHH000204: Processing PersistenceUnitInfo [name: default]
HHH000412: Hibernate ORM core version 5.6.4.Final
HCANN000001: Hibernate Commons Annotations {5.1.2.Final}
HHH000400: Using dialect: org.hibernate.dialect.MySQL57Dialect
HHH000490: Using JtaPlatform implementation: [org.hibernate.engine.transaction.jta.platform.internal.NoJtaPlatform]
Initialized JPA EntityManagerFactory for persistence unit 'default'
spring.jpa.open-in-view is enabled by default. Therefore, database queries may be performed during view rendering. Explicitly configure spring.jpa.open-in-view to disable this warning
Starting ProtocolHandler ["http-nio-8080"]
Tomcat started on port(s): 8080 (http) with context path '/sell'
Started SellApplication in 2.737 seconds (JVM running for 8.407)
Initializing Spring DispatcherServlet 'dispatcherServlet'
Initializing Servlet 'dispatcherServlet'
Completed initialization in 1 ms
HikariPool-1 - Thread starvation or clock leap detected (housekeeper delta=1h59m56s425ms354µs900ns).
SQL Error: 1048, SQLState: 23000
HHH000010: On release of batch it still contained JDBC statements
Closing JPA EntityManagerFactory for persistence unit 'default'
HikariPool-1 - Shutdown initiated...
HikariPool-1 - Shutdown completed.
HV000001: Hibernate Validator 6.2.0.Final
Starting SellApplication using Java 17 on DESKTOP-B6BC0A3 with PID 21184 (D:\Data\ICES\sell\target\classes started by Walker in D:\Data\ICES\sell)
No active profile set, falling back to default profiles: default
Bootstrapping Spring Data JPA repositories in DEFAULT mode.
Finished Spring Data repository scanning in 42 ms. Found 4 JPA repository interfaces.
Tomcat initialized with port(s): 8080 (http)
Loaded Apache Tomcat Native library [1.2.31] using APR version [1.7.0].
APR capabilities: IPv6 [true], sendfile [true], accept filters [false], random [true], UDS [true].
APR/OpenSSL configuration: useAprConnector [false], useOpenSSL [true]
OpenSSL successfully initialized [OpenSSL 1.1.1l  24 Aug 2021]
Initializing ProtocolHandler ["http-nio-8080"]
Starting service [Tomcat]
Starting Servlet engine: [Apache Tomcat/9.0.56]
Initializing Spring embedded WebApplicationContext
Root WebApplicationContext: initialization completed in 885 ms
HikariPool-1 - Starting...
HikariPool-1 - Start completed.
HHH000204: Processing PersistenceUnitInfo [name: default]
HHH000412: Hibernate ORM core version 5.6.4.Final
HCANN000001: Hibernate Commons Annotations {5.1.2.Final}
HHH000400: Using dialect: org.hibernate.dialect.MySQL57Dialect
HHH000490: Using JtaPlatform implementation: [org.hibernate.engine.transaction.jta.platform.internal.NoJtaPlatform]
Initialized JPA EntityManagerFactory for persistence unit 'default'
spring.jpa.open-in-view is enabled by default. Therefore, database queries may be performed during view rendering. Explicitly configure spring.jpa.open-in-view to disable this warning
Starting ProtocolHandler ["http-nio-8080"]
Tomcat started on port(s): 8080 (http) with context path '/sell'
Started SellApplication in 2.432 seconds (JVM running for 2.857)
Initializing Spring DispatcherServlet 'dispatcherServlet'
Initializing Servlet 'dispatcherServlet'
Completed initialization in 0 ms
SQL Error: 1048, SQLState: 23000
HHH000010: On release of batch it still contained JDBC statements
Closing JPA EntityManagerFactory for persistence unit 'default'
HikariPool-1 - Shutdown initiated...
HikariPool-1 - Shutdown completed.
Starting SellApplication using Java 17 on DESKTOP-B6BC0A3 with PID 800 (D:\Data\ICES\sell\target\classes started by Walker in D:\Data\ICES\sell)
HV000001: Hibernate Validator 6.2.0.Final
No active profile set, falling back to default profiles: default
Bootstrapping Spring Data JPA repositories in DEFAULT mode.
Finished Spring Data repository scanning in 39 ms. Found 4 JPA repository interfaces.
Tomcat initialized with port(s): 8080 (http)
Loaded Apache Tomcat Native library [1.2.31] using APR version [1.7.0].
APR capabilities: IPv6 [true], sendfile [true], accept filters [false], random [true], UDS [true].
APR/OpenSSL configuration: useAprConnector [false], useOpenSSL [true]
OpenSSL successfully initialized [OpenSSL 1.1.1l  24 Aug 2021]
Initializing ProtocolHandler ["http-nio-8080"]
Starting service [Tomcat]
Starting Servlet engine: [Apache Tomcat/9.0.56]
Initializing Spring embedded WebApplicationContext
Root WebApplicationContext: initialization completed in 848 ms
HikariPool-1 - Starting...
HikariPool-1 - Start completed.
HHH000204: Processing PersistenceUnitInfo [name: default]
HHH000412: Hibernate ORM core version 5.6.4.Final
HCANN000001: Hibernate Commons Annotations {5.1.2.Final}
HHH000400: Using dialect: org.hibernate.dialect.MySQL57Dialect
HHH000490: Using JtaPlatform implementation: [org.hibernate.engine.transaction.jta.platform.internal.NoJtaPlatform]
Initialized JPA EntityManagerFactory for persistence unit 'default'
spring.jpa.open-in-view is enabled by default. Therefore, database queries may be performed during view rendering. Explicitly configure spring.jpa.open-in-view to disable this warning
Starting ProtocolHandler ["http-nio-8080"]
Tomcat started on port(s): 8080 (http) with context path '/sell'
Started SellApplication in 2.348 seconds (JVM running for 2.787)
Initializing Spring DispatcherServlet 'dispatcherServlet'
Initializing Servlet 'dispatcherServlet'
Completed initialization in 1 ms
SQL Error: 1048, SQLState: 23000
HHH000010: On release of batch it still contained JDBC statements
Closing JPA EntityManagerFactory for persistence unit 'default'
HikariPool-1 - Shutdown initiated...
HikariPool-1 - Shutdown completed.
Starting SellApplication using Java 17 on DESKTOP-B6BC0A3 with PID 21240 (D:\Data\ICES\sell\target\classes started by Walker in D:\Data\ICES\sell)
HV000001: Hibernate Validator 6.2.0.Final
No active profile set, falling back to default profiles: default
Bootstrapping Spring Data JPA repositories in DEFAULT mode.
Finished Spring Data repository scanning in 38 ms. Found 4 JPA repository interfaces.
Tomcat initialized with port(s): 8080 (http)
Loaded Apache Tomcat Native library [1.2.31] using APR version [1.7.0].
APR capabilities: IPv6 [true], sendfile [true], accept filters [false], random [true], UDS [true].
APR/OpenSSL configuration: useAprConnector [false], useOpenSSL [true]
OpenSSL successfully initialized [OpenSSL 1.1.1l  24 Aug 2021]
Initializing ProtocolHandler ["http-nio-8080"]
Starting service [Tomcat]
Starting Servlet engine: [Apache Tomcat/9.0.56]
Initializing Spring embedded WebApplicationContext
Root WebApplicationContext: initialization completed in 832 ms
HikariPool-1 - Starting...
HikariPool-1 - Start completed.
HHH000204: Processing PersistenceUnitInfo [name: default]
HHH000412: Hibernate ORM core version 5.6.4.Final
HCANN000001: Hibernate Commons Annotations {5.1.2.Final}
HHH000400: Using dialect: org.hibernate.dialect.MySQL57Dialect
HHH000490: Using JtaPlatform implementation: [org.hibernate.engine.transaction.jta.platform.internal.NoJtaPlatform]
Initialized JPA EntityManagerFactory for persistence unit 'default'
spring.jpa.open-in-view is enabled by default. Therefore, database queries may be performed during view rendering. Explicitly configure spring.jpa.open-in-view to disable this warning
Starting ProtocolHandler ["http-nio-8080"]
Tomcat started on port(s): 8080 (http) with context path '/sell'
Started SellApplication in 2.321 seconds (JVM running for 2.753)
Initializing Spring DispatcherServlet 'dispatcherServlet'
Initializing Servlet 'dispatcherServlet'
Completed initialization in 1 ms
SQL Error: 1048, SQLState: 23000
HHH000010: On release of batch it still contained JDBC statements
Starting OrderServiceImplTest using Java 17 on DESKTOP-B6BC0A3 with PID 18728 (started by Walker in D:\Data\ICES\sell)
No active profile set, falling back to default profiles: default
HV000001: Hibernate Validator 6.2.0.Final
Bootstrapping Spring Data JPA repositories in DEFAULT mode.
Finished Spring Data repository scanning in 67 ms. Found 4 JPA repository interfaces.
HikariPool-1 - Starting...
HikariPool-1 - Start completed.
HHH000204: Processing PersistenceUnitInfo [name: default]
HHH000412: Hibernate ORM core version 5.6.4.Final
HCANN000001: Hibernate Commons Annotations {5.1.2.Final}
HHH000400: Using dialect: org.hibernate.dialect.MySQL57Dialect
HHH000490: Using JtaPlatform implementation: [org.hibernate.engine.transaction.jta.platform.internal.NoJtaPlatform]
Initialized JPA EntityManagerFactory for persistence unit 'default'
spring.jpa.open-in-view is enabled by default. Therefore, database queries may be performed during view rendering. Explicitly configure spring.jpa.open-in-view to disable this warning
Started OrderServiceImplTest in 3.861 seconds (JVM running for 4.763)
【创建订单】 result=OrderDTO(orderId=1643548108508915694, buyerName=李彦廷, buyerPhone=17650022293, buyerAddress=愉景湾, buyerOpenid=110115, orderAmount=null, orderStatus=0, payStatus=0, createTime=null, updateTime=null, orderDetailList=[OrderDetail(detailId=1643548108572170861, orderId=1643548108508915694, productId=1234568, productName=芒果冰, productPrice=20.00, productQuantity=1, productIcon=http://xxxx.jpg), OrderDetail(detailId=1643548108599932670, orderId=1643548108508915694, productId=123457, productName=皮皮虾, productPrice=3.20, productQuantity=2, productIcon=http://xxxx.jpg)])
Closing JPA EntityManagerFactory for persistence unit 'default'
HikariPool-1 - Shutdown initiated...
HikariPool-1 - Shutdown completed.
Closing JPA EntityManagerFactory for persistence unit 'default'
HikariPool-1 - Shutdown initiated...
HikariPool-1 - Shutdown completed.
Starting SellApplication using Java 17 on DESKTOP-B6BC0A3 with PID 16460 (D:\Data\ICES\sell\target\classes started by Walker in D:\Data\ICES\sell)
HV000001: Hibernate Validator 6.2.0.Final
No active profile set, falling back to default profiles: default
Bootstrapping Spring Data JPA repositories in DEFAULT mode.
Finished Spring Data repository scanning in 39 ms. Found 4 JPA repository interfaces.
Tomcat initialized with port(s): 8080 (http)
Loaded Apache Tomcat Native library [1.2.31] using APR version [1.7.0].
APR capabilities: IPv6 [true], sendfile [true], accept filters [false], random [true], UDS [true].
APR/OpenSSL configuration: useAprConnector [false], useOpenSSL [true]
OpenSSL successfully initialized [OpenSSL 1.1.1l  24 Aug 2021]
Initializing ProtocolHandler ["http-nio-8080"]
Starting service [Tomcat]
Starting Servlet engine: [Apache Tomcat/9.0.56]
Initializing Spring embedded WebApplicationContext
Root WebApplicationContext: initialization completed in 864 ms
HikariPool-1 - Starting...
HikariPool-1 - Start completed.
HHH000204: Processing PersistenceUnitInfo [name: default]
HHH000412: Hibernate ORM core version 5.6.4.Final
HCANN000001: Hibernate Commons Annotations {5.1.2.Final}
HHH000400: Using dialect: org.hibernate.dialect.MySQL57Dialect
HHH000490: Using JtaPlatform implementation: [org.hibernate.engine.transaction.jta.platform.internal.NoJtaPlatform]
Initialized JPA EntityManagerFactory for persistence unit 'default'
spring.jpa.open-in-view is enabled by default. Therefore, database queries may be performed during view rendering. Explicitly configure spring.jpa.open-in-view to disable this warning
Starting ProtocolHandler ["http-nio-8080"]
Tomcat started on port(s): 8080 (http) with context path '/sell'
Started SellApplication in 2.431 seconds (JVM running for 2.863)
Initializing Spring DispatcherServlet 'dispatcherServlet'
Initializing Servlet 'dispatcherServlet'
Completed initialization in 1 ms
Closing JPA EntityManagerFactory for persistence unit 'default'
HikariPool-1 - Shutdown initiated...
HikariPool-1 - Shutdown completed.
HV000001: Hibernate Validator 6.2.0.Final
Starting SellApplication using Java 17 on DESKTOP-B6BC0A3 with PID 20264 (D:\Data\ICES\sell\target\classes started by Walker in D:\Data\ICES\sell)
No active profile set, falling back to default profiles: default
Bootstrapping Spring Data JPA repositories in DEFAULT mode.
Finished Spring Data repository scanning in 39 ms. Found 4 JPA repository interfaces.
Tomcat initialized with port(s): 8080 (http)
Loaded Apache Tomcat Native library [1.2.31] using APR version [1.7.0].
APR capabilities: IPv6 [true], sendfile [true], accept filters [false], random [true], UDS [true].
APR/OpenSSL configuration: useAprConnector [false], useOpenSSL [true]
OpenSSL successfully initialized [OpenSSL 1.1.1l  24 Aug 2021]
Initializing ProtocolHandler ["http-nio-8080"]
Starting service [Tomcat]
Starting Servlet engine: [Apache Tomcat/9.0.56]
Initializing Spring embedded WebApplicationContext
Root WebApplicationContext: initialization completed in 848 ms
HikariPool-1 - Starting...
HikariPool-1 - Start completed.
HHH000204: Processing PersistenceUnitInfo [name: default]
HHH000412: Hibernate ORM core version 5.6.4.Final
HCANN000001: Hibernate Commons Annotations {5.1.2.Final}
HHH000400: Using dialect: org.hibernate.dialect.MySQL57Dialect
HHH000490: Using JtaPlatform implementation: [org.hibernate.engine.transaction.jta.platform.internal.NoJtaPlatform]
Initialized JPA EntityManagerFactory for persistence unit 'default'
spring.jpa.open-in-view is enabled by default. Therefore, database queries may be performed during view rendering. Explicitly configure spring.jpa.open-in-view to disable this warning
Starting ProtocolHandler ["http-nio-8080"]
Tomcat started on port(s): 8080 (http) with context path '/sell'
Started SellApplication in 2.501 seconds (JVM running for 2.953)
Initializing Spring DispatcherServlet 'dispatcherServlet'
Initializing Servlet 'dispatcherServlet'
Completed initialization in 1 ms
Closing JPA EntityManagerFactory for persistence unit 'default'
HikariPool-1 - Shutdown initiated...
HikariPool-1 - Shutdown completed.
HV000001: Hibernate Validator 6.2.0.Final
Starting SellApplication using Java 17 on DESKTOP-B6BC0A3 with PID 21040 (D:\Data\ICES\sell\target\classes started by Walker in D:\Data\ICES\sell)
No active profile set, falling back to default profiles: default
Bootstrapping Spring Data JPA repositories in DEFAULT mode.
Finished Spring Data repository scanning in 38 ms. Found 4 JPA repository interfaces.
Tomcat initialized with port(s): 8080 (http)
Loaded Apache Tomcat Native library [1.2.31] using APR version [1.7.0].
APR capabilities: IPv6 [true], sendfile [true], accept filters [false], random [true], UDS [true].
APR/OpenSSL configuration: useAprConnector [false], useOpenSSL [true]
OpenSSL successfully initialized [OpenSSL 1.1.1l  24 Aug 2021]
Initializing ProtocolHandler ["http-nio-8080"]
Starting service [Tomcat]
Starting Servlet engine: [Apache Tomcat/9.0.56]
Initializing Spring embedded WebApplicationContext
Root WebApplicationContext: initialization completed in 856 ms
HikariPool-1 - Starting...
HikariPool-1 - Start completed.
HHH000204: Processing PersistenceUnitInfo [name: default]
HHH000412: Hibernate ORM core version 5.6.4.Final
HCANN000001: Hibernate Commons Annotations {5.1.2.Final}
HHH000400: Using dialect: org.hibernate.dialect.MySQL57Dialect
HHH000490: Using JtaPlatform implementation: [org.hibernate.engine.transaction.jta.platform.internal.NoJtaPlatform]
Initialized JPA EntityManagerFactory for persistence unit 'default'
spring.jpa.open-in-view is enabled by default. Therefore, database queries may be performed during view rendering. Explicitly configure spring.jpa.open-in-view to disable this warning
Starting ProtocolHandler ["http-nio-8080"]
Tomcat started on port(s): 8080 (http) with context path '/sell'
Started SellApplication in 2.386 seconds (JVM running for 2.844)
Initializing Spring DispatcherServlet 'dispatcherServlet'
Initializing Servlet 'dispatcherServlet'
Completed initialization in 0 ms
Resolved [org.springframework.web.bind.MissingServletRequestParameterException: Required request parameter 'openid' for method parameter type String is not present]
Closing JPA EntityManagerFactory for persistence unit 'default'
HikariPool-1 - Shutdown initiated...
HikariPool-1 - Shutdown completed.
